This is pdfTeX, Version 3.1415926-2.5-1.40.14 (MiKTeX 2.9) (preloaded format=pdflatex 2015.9.7)  27 NOV 2015 15:43
entering extended mode
**PRACTICA-23.tex
("C:\Users\marth_000\Documents\Yoana\PRACTICAS DE R\PRACTICA-23.tex"
LaTeX2e <2011/06/27>
Babel <v3.8m> and hyphenation patterns for english, afrikaans, ancientgreek, ar
abic, armenian, assamese, basque, bengali, bokmal, bulgarian, catalan, coptic, 
croatian, czech, danish, dutch, esperanto, estonian, farsi, finnish, french, ga
lician, german, german-x-2013-05-26, greek, gujarati, hindi, hungarian, iceland
ic, indonesian, interlingua, irish, italian, kannada, kurmanji, latin, latvian,
 lithuanian, malayalam, marathi, mongolian, mongolianlmc, monogreek, ngerman, n
german-x-2013-05-26, nynorsk, oriya, panjabi, pinyin, polish, portuguese, roman
ian, russian, sanskrit, serbian, slovak, slovenian, spanish, swedish, swissgerm
an, tamil, telugu, turkish, turkmen, ukenglish, ukrainian, uppersorbian, usengl
ishmax, welsh, loaded.
("C:\Program Files (x86)\MiKTeX 2.9\tex\latex\base\article.cls"
Document Class: article 2007/10/19 v1.4h Standard LaTeX document class
("C:\Program Files (x86)\MiKTeX 2.9\tex\latex\base\size12.clo"
File: size12.clo 2007/10/19 v1.4h Standard LaTeX file (size option)
)
\c@part=\count79
\c@section=\count80
\c@subsection=\count81
\c@subsubsection=\count82
\c@paragraph=\count83
\c@subparagraph=\count84
\c@figure=\count85
\c@table=\count86
\abovecaptionskip=\skip41
\belowcaptionskip=\skip42
\bibindent=\dimen102
)
("C:\Program Files (x86)\MiKTeX 2.9\tex\latex\graphics\graphicx.sty"
Package: graphicx 1999/02/16 v1.0f Enhanced LaTeX Graphics (DPC,SPQR)

("C:\Program Files (x86)\MiKTeX 2.9\tex\latex\graphics\keyval.sty"
Package: keyval 1999/03/16 v1.13 key=value parser (DPC)
\KV@toks@=\toks14
)
("C:\Program Files (x86)\MiKTeX 2.9\tex\latex\graphics\graphics.sty"
Package: graphics 2009/02/05 v1.0o Standard LaTeX Graphics (DPC,SPQR)

("C:\Program Files (x86)\MiKTeX 2.9\tex\latex\graphics\trig.sty"
Package: trig 1999/03/16 v1.09 sin cos tan (DPC)
)
("C:\Program Files (x86)\MiKTeX 2.9\tex\latex\00miktex\graphics.cfg"
File: graphics.cfg 2007/01/18 v1.5 graphics configuration of teTeX/TeXLive
)
Package graphics Info: Driver file: pdftex.def on input line 91.

("C:\Program Files (x86)\MiKTeX 2.9\tex\latex\pdftex-def\pdftex.def"
File: pdftex.def 2011/05/27 v0.06d Graphics/color for pdfTeX

("C:\Program Files (x86)\MiKTeX 2.9\tex\generic\oberdiek\infwarerr.sty"
Package: infwarerr 2010/04/08 v1.3 Providing info/warning/error messages (HO)
)
("C:\Program Files (x86)\MiKTeX 2.9\tex\generic\oberdiek\ltxcmds.sty"
Package: ltxcmds 2011/11/09 v1.22 LaTeX kernel commands for general use (HO)
)
\Gread@gobject=\count87
))
\Gin@req@height=\dimen103
\Gin@req@width=\dimen104
)
("C:\Program Files (x86)\MiKTeX 2.9\tex\latex\graphics\color.sty"
Package: color 2005/11/14 v1.0j Standard LaTeX Color (DPC)

("C:\Program Files (x86)\MiKTeX 2.9\tex\latex\00miktex\color.cfg"
File: color.cfg 2007/01/18 v1.5 color configuration of teTeX/TeXLive
)
Package color Info: Driver file: pdftex.def on input line 130.
)
("C:\Program Files (x86)\MiKTeX 2.9\tex\latex\framed\framed.sty"
Package: framed 2011/10/22 v 0.96: framed or shaded text with page breaks
\OuterFrameSep=\skip43
\fb@frw=\dimen105
\fb@frh=\dimen106
\FrameRule=\dimen107
\FrameSep=\dimen108
)
("C:\Program Files (x86)\MiKTeX 2.9\tex\latex\base\alltt.sty"
Package: alltt 1997/06/16 v2.0g defines alltt environment
)
("C:\Program Files (x86)\MiKTeX 2.9\tex\latex\geometry\geometry.sty"
Package: geometry 2010/09/12 v5.6 Page Geometry

("C:\Program Files (x86)\MiKTeX 2.9\tex\generic\oberdiek\ifpdf.sty"
Package: ifpdf 2011/01/30 v2.3 Provides the ifpdf switch (HO)
Package ifpdf Info: pdfTeX in PDF mode is detected.
)
("C:\Program Files (x86)\MiKTeX 2.9\tex\generic\oberdiek\ifvtex.sty"
Package: ifvtex 2010/03/01 v1.5 Detect VTeX and its facilities (HO)
Package ifvtex Info: VTeX not detected.
)
("C:\Program Files (x86)\MiKTeX 2.9\tex\generic\ifxetex\ifxetex.sty"
Package: ifxetex 2010/09/12 v0.6 Provides ifxetex conditional
)
\Gm@cnth=\count88
\Gm@cntv=\count89
\c@Gm@tempcnt=\count90
\Gm@bindingoffset=\dimen109
\Gm@wd@mp=\dimen110
\Gm@odd@mp=\dimen111
\Gm@even@mp=\dimen112
\Gm@layoutwidth=\dimen113
\Gm@layoutheight=\dimen114
\Gm@layouthoffset=\dimen115
\Gm@layoutvoffset=\dimen116
\Gm@dimlist=\toks15

("C:\Program Files (x86)\MiKTeX 2.9\tex\latex\geometry\geometry.cfg"))
("C:\Program Files (x86)\MiKTeX 2.9\tex\latex\base\inputenc.sty"
Package: inputenc 2008/03/30 v1.1d Input encoding file
\inpenc@prehook=\toks16
\inpenc@posthook=\toks17

("C:\Program Files (x86)\MiKTeX 2.9\tex\latex\base\ansinew.def"
File: ansinew.def 2008/03/30 v1.1d Input encoding file
))
("C:\Program Files (x86)\MiKTeX 2.9\tex\generic\babel\babel.sty"
Package: babel 2008/07/08 v3.8m The Babel package

*************************************
* Local config file bblopts.cfg used
*
("C:\Program Files (x86)\MiKTeX 2.9\tex\latex\00miktex\bblopts.cfg"
File: bblopts.cfg 2006/07/31 v1.0 MiKTeX 'babel' configuration
)
("C:\Program Files (x86)\MiKTeX 2.9\tex\generic\babel\spanish.ldf"
Language: spanish.ldf 2009/01/02 v5.0h Spanish support from the babel system

("C:\Program Files (x86)\MiKTeX 2.9\tex\generic\babel\babel.def"
File: babel.def 2008/07/08 v3.8m Babel common definitions
\babel@savecnt=\count91
\U@D=\dimen117
)
\es@datefmt=\count92
\es@quottoks=\toks18
\es@quotdepth=\count93
Package babel Info: Making " an active character on input line 492.
Package babel Info: Making . an active character on input line 585.
Package babel Info: Making < an active character on input line 630.
Package babel Info: Making > an active character on input line 630.
))
("C:\Program Files (x86)\MiKTeX 2.9\tex\latex\amsmath\amsmath.sty"
Package: amsmath 2013/01/14 v2.14 AMS math features
\@mathmargin=\skip44

For additional information on amsmath, use the `?' option.
("C:\Program Files (x86)\MiKTeX 2.9\tex\latex\amsmath\amstext.sty"
Package: amstext 2000/06/29 v2.01

("C:\Program Files (x86)\MiKTeX 2.9\tex\latex\amsmath\amsgen.sty"
File: amsgen.sty 1999/11/30 v2.0
\@emptytoks=\toks19
\ex@=\dimen118
))
("C:\Program Files (x86)\MiKTeX 2.9\tex\latex\amsmath\amsbsy.sty"
Package: amsbsy 1999/11/29 v1.2d
\pmbraise@=\dimen119
)
("C:\Program Files (x86)\MiKTeX 2.9\tex\latex\amsmath\amsopn.sty"
Package: amsopn 1999/12/14 v2.01 operator names
)
\inf@bad=\count94
LaTeX Info: Redefining \frac on input line 210.
\uproot@=\count95
\leftroot@=\count96
LaTeX Info: Redefining \overline on input line 306.
\classnum@=\count97
\DOTSCASE@=\count98
LaTeX Info: Redefining \ldots on input line 378.
LaTeX Info: Redefining \dots on input line 381.
LaTeX Info: Redefining \cdots on input line 466.
\Mathstrutbox@=\box26
\strutbox@=\box27
\big@size=\dimen120
LaTeX Font Info:    Redeclaring font encoding OML on input line 566.
LaTeX Font Info:    Redeclaring font encoding OMS on input line 567.
\macc@depth=\count99
\c@MaxMatrixCols=\count100
\dotsspace@=\muskip10
\c@parentequation=\count101
\dspbrk@lvl=\count102
\tag@help=\toks20
\row@=\count103
\column@=\count104
\maxfields@=\count105
\andhelp@=\toks21
\eqnshift@=\dimen121
\alignsep@=\dimen122
\tagshift@=\dimen123
\tagwidth@=\dimen124
\totwidth@=\dimen125
\lineht@=\dimen126
\@envbody=\toks22
\multlinegap=\skip45
\multlinetaggap=\skip46
\mathdisplay@stack=\toks23
LaTeX Info: Redefining \[ on input line 2665.
LaTeX Info: Redefining \] on input line 2666.
)
("C:\Program Files (x86)\MiKTeX 2.9\tex\latex\amsfonts\amsfonts.sty"
Package: amsfonts 2013/01/14 v3.01 Basic AMSFonts support
\symAMSa=\mathgroup4
\symAMSb=\mathgroup5
LaTeX Font Info:    Overwriting math alphabet `\mathfrak' in version `bold'
(Font)                  U/euf/m/n --> U/euf/b/n on input line 106.
)
("C:\Program Files (x86)\MiKTeX 2.9\tex\latex\amsfonts\amssymb.sty"
Package: amssymb 2013/01/14 v3.01 AMS font symbols
)
("C:\Program Files (x86)\MiKTeX 2.9\tex\latex\dstroke\dsfont.sty"
Package: dsfont 1995/08/01 v0.1 Double stroke roman fonts
)
("C:\Program Files (x86)\MiKTeX 2.9\tex\latex\tools\multicol.sty"
Package: multicol 2011/06/27 v1.7a multicolumn formatting (FMi)
\c@tracingmulticols=\count106
\mult@box=\box28
\multicol@leftmargin=\dimen127
\c@unbalance=\count107
\c@collectmore=\count108
\doublecol@number=\count109
\multicoltolerance=\count110
\multicolpretolerance=\count111
\full@width=\dimen128
\page@free=\dimen129
\premulticols=\dimen130
\postmulticols=\dimen131
\multicolsep=\skip47
\multicolbaselineskip=\skip48
\partial@page=\box29
\last@line=\box30
\mult@rightbox=\box31
\mult@grightbox=\box32
\mult@gfirstbox=\box33
\mult@firstbox=\box34
\@tempa=\box35
\@tempa=\box36
\@tempa=\box37
\@tempa=\box38
\@tempa=\box39
\@tempa=\box40
\@tempa=\box41
\@tempa=\box42
\@tempa=\box43
\@tempa=\box44
\@tempa=\box45
\@tempa=\box46
\@tempa=\box47
\@tempa=\box48
\@tempa=\box49
\@tempa=\box50
\@tempa=\box51
\c@columnbadness=\count112
\c@finalcolumnbadness=\count113
\last@try=\dimen132
\multicolovershoot=\dimen133
\multicolundershoot=\dimen134
\mult@nat@firstbox=\box52
\colbreak@box=\box53
\multicol@sort@counter=\count114
)
("C:\Program Files (x86)\MiKTeX 2.9\tex\latex\subfigure\subfigure.sty"
Package: subfigure 2002/07/30 v2.1.4 subfigure package
\subfigtopskip=\skip49
\subfigcapskip=\skip50
\subfigcaptopadj=\dimen135
\subfigbottomskip=\skip51
\subfigcapmargin=\dimen136
\subfiglabelskip=\skip52
\c@subfigure=\count115
\c@lofdepth=\count116
\c@subtable=\count117
\c@lotdepth=\count118

****************************************
* Local config file subfigure.cfg used *
****************************************
("C:\Program Files (x86)\MiKTeX 2.9\tex\latex\subfigure\subfigure.cfg")
\subfig@top=\skip53
\subfig@bottom=\skip54
)
("C:\Program Files (x86)\MiKTeX 2.9\tex\latex\float\float.sty"
Package: float 2001/11/08 v1.3d Float enhancements (AL)
\c@float@type=\count119
\float@exts=\toks24
\float@box=\box54
\@float@everytoks=\toks25
\@floatcapt=\box55
)
("C:\Program Files (x86)\MiKTeX 2.9\tex\latex\tools\verbatim.sty"
Package: verbatim 2003/08/22 v1.5q LaTeX2e package for verbatim enhancements
\every@verbatim=\toks26
\verbatim@line=\toks27
\verbatim@in@stream=\read1
)
("C:\Program Files (x86)\MiKTeX 2.9\tex\latex\fancyhdr\fancyhdr.sty"
\fancy@headwidth=\skip55
\f@ncyO@elh=\skip56
\f@ncyO@erh=\skip57
\f@ncyO@olh=\skip58
\f@ncyO@orh=\skip59
\f@ncyO@elf=\skip60
\f@ncyO@erf=\skip61
\f@ncyO@olf=\skip62
\f@ncyO@orf=\skip63
)
("C:\Program Files (x86)\MiKTeX 2.9\tex\latex\caption\caption.sty"
Package: caption 2013/05/02 v3.3-89 Customizing captions (AR)

("C:\Program Files (x86)\MiKTeX 2.9\tex\latex\caption\caption3.sty"
Package: caption3 2013/05/02 v1.6-88 caption3 kernel (AR)
Package caption3 Info: TeX engine: e-TeX on input line 57.
\captionmargin=\dimen137
\captionmargin@=\dimen138
\captionwidth=\dimen139
\caption@tempdima=\dimen140
\caption@indent=\dimen141
\caption@parindent=\dimen142
\caption@hangindent=\dimen143
)
\c@ContinuedFloat=\count120
Package caption Info: float package is loaded.
Package caption Info: subfigure package is loaded.
)
\c@definicion=\count121

("C:\Program Files (x86)\MiKTeX 2.9\tex\latex\upquote\upquote.sty"
Package: upquote 2012/04/19 v1.3 upright-quote and grave-accent glyphs in verba
tim
)
("C:\Users\marth_000\Documents\Yoana\PRACTICAS DE R\PRACTICA-23.aux")
LaTeX Font Info:    Checking defaults for OML/cmm/m/it on input line 70.
LaTeX Font Info:    ... okay on input line 70.
LaTeX Font Info:    Checking defaults for T1/cmr/m/n on input line 70.
LaTeX Font Info:    ... okay on input line 70.
LaTeX Font Info:    Checking defaults for OT1/cmr/m/n on input line 70.
LaTeX Font Info:    ... okay on input line 70.
LaTeX Font Info:    Checking defaults for OMS/cmsy/m/n on input line 70.
LaTeX Font Info:    ... okay on input line 70.
LaTeX Font Info:    Checking defaults for OMX/cmex/m/n on input line 70.
LaTeX Font Info:    ... okay on input line 70.
LaTeX Font Info:    Checking defaults for U/cmr/m/n on input line 70.
LaTeX Font Info:    ... okay on input line 70.

("C:\Program Files (x86)\MiKTeX 2.9\tex\context\base\supp-pdf.mkii"
[Loading MPS to PDF converter (version 2006.09.02).]
\scratchcounter=\count122
\scratchdimen=\dimen144
\scratchbox=\box56
\nofMPsegments=\count123
\nofMParguments=\count124
\everyMPshowfont=\toks28
\MPscratchCnt=\count125
\MPscratchDim=\dimen145
\MPnumerator=\count126
\makeMPintoPDFobject=\count127
\everyMPtoPDFconversion=\toks29
)
*geometry* driver: auto-detecting
*geometry* detected driver: pdftex
*geometry* verbose mode - [ preamble ] result:
* driver: pdftex
* paper: letterpaper
* layout: <same size as paper>
* layoutoffset:(h,v)=(0.0pt,0.0pt)
* modes: 
* h-part:(L,W,R)=(56.9055pt, 500.484pt, 56.9055pt)
* v-part:(T,H,B)=(56.9055pt, 681.15898pt, 56.9055pt)
* \paperwidth=614.295pt
* \paperheight=794.96999pt
* \textwidth=500.484pt
* \textheight=681.15898pt
* \oddsidemargin=-15.36449pt
* \evensidemargin=-15.36449pt
* \topmargin=-52.36449pt
* \headheight=12.0pt
* \headsep=25.0pt
* \topskip=12.0pt
* \footskip=30.0pt
* \marginparwidth=44.0pt
* \marginparsep=10.0pt
* \columnsep=10.0pt
* \skip\footins=10.8pt plus 4.0pt minus 2.0pt
* \hoffset=0.0pt
* \voffset=0.0pt
* \mag=1000
* \@twocolumnfalse
* \@twosidefalse
* \@mparswitchfalse
* \@reversemarginfalse
* (1in=72.27pt=25.4mm, 1cm=28.453pt)

Package caption Info: Begin \AtBeginDocument code.
Package caption Info: End \AtBeginDocument code.
<minerva.jpg, id=1, 398.4486pt x 398.4486pt>
File: minerva.jpg Graphic file (type jpg)
 <use minerva.jpg>
Package pdftex.def Info: minerva.jpg used on input line 82.
(pdftex.def)             Requested size: 113.81102pt x 113.80829pt.

Overfull \hbox (11.66539pt too wide) in paragraph at lines 83--84
 [][] 
 []

[1

{C:/ProgramData/MiKTeX/2.9/pdftex/config/pdftex.map} <C:/Users/marth_000/Docume
nts/Yoana/PRACTICAS DE R/minerva.jpg>]
\c@teorema=\count128
\c@prop=\count129

! Undefined control sequence.
l.115 ... y que 29 de 150 prefieren la marca B. \Â
                                                  ¿Se puede concluir con un ...
The control sequence at the end of the top line
of your error message was never \def'ed. If you have
misspelled it (e.g., `\hobx'), type `I' and the correct
spelling (e.g., `I\hbox'). Otherwise just continue,
and I'll forget about whatever was undefined.

LaTeX Font Info:    Try loading font information for U+msa on input line 115.
("C:\Program Files (x86)\MiKTeX 2.9\tex\latex\amsfonts\umsa.fd"
File: umsa.fd 2013/01/14 v3.01 AMS symbols A
)
LaTeX Font Info:    Try loading font information for U+msb on input line 115.

("C:\Program Files (x86)\MiKTeX 2.9\tex\latex\amsfonts\umsb.fd"
File: umsb.fd 2013/01/14 v3.01 AMS symbols B
)

LaTeX Warning: Command \^ invalid in math mode on input line 124.

! Please use \mathaccent for accents in math mode.
\add@accent ...@spacefactor \spacefactor }\accent 
                                                  #1 #2\egroup \spacefactor ...
l.124   $\^ P
             _A$=$X_A$/$n_A$, $\^ P_B$=$X_B$/$n_B$\\
I'm changing \accent to \mathaccent here; wish me luck.
(Accents are not the same in formulas as they are in text.)

! You can't use `\spacefactor' in math mode.
\add@accent ...}\accent #1 #2\egroup \spacefactor 
                                                  \accent@spacefactor 
l.124   $\^ P
             _A$=$X_A$/$n_A$, $\^ P_B$=$X_B$/$n_B$\\
Sorry, but I'm not programmed to handle this case;
I'll just pretend that you didn't ask for it.
If you're in the wrong mode, you might be able to
return to the right one by typing `I}' or `I$' or `I\par'.

Missing character: There is no ç in font cmex10!

LaTeX Warning: Command \^ invalid in math mode on input line 124.

! Please use \mathaccent for accents in math mode.
\add@accent ...@spacefactor \spacefactor }\accent 
                                                  #1 #2\egroup \spacefactor ...
l.124   $\^ P_A$=$X_A$/$n_A$, $\^ P
                                   _B$=$X_B$/$n_B$\\
I'm changing \accent to \mathaccent here; wish me luck.
(Accents are not the same in formulas as they are in text.)

! You can't use `\spacefactor' in math mode.
\add@accent ...}\accent #1 #2\egroup \spacefactor 
                                                  \accent@spacefactor 
l.124   $\^ P_A$=$X_A$/$n_A$, $\^ P
                                   _B$=$X_B$/$n_B$\\
Sorry, but I'm not programmed to handle this case;
I'll just pretend that you didn't ask for it.
If you're in the wrong mode, you might be able to
return to the right one by typing `I}' or `I$' or `I\par'.

Missing character: There is no ç in font cmex10!

LaTeX Warning: Command \^ invalid in math mode on input line 125.

! Please use \mathaccent for accents in math mode.
\add@accent ...@spacefactor \spacefactor }\accent 
                                                  #1 #2\egroup \spacefactor ...
l.125   $Z$ = ($\^ P
                    _A$ - $\^ P_B$) - 0.1 / sqrt(($\^ P_A$(1 - $\^ P_A$)/$n_...
I'm changing \accent to \mathaccent here; wish me luck.
(Accents are not the same in formulas as they are in text.)

! You can't use `\spacefactor' in math mode.
\add@accent ...}\accent #1 #2\egroup \spacefactor 
                                                  \accent@spacefactor 
l.125   $Z$ = ($\^ P
                    _A$ - $\^ P_B$) - 0.1 / sqrt(($\^ P_A$(1 - $\^ P_A$)/$n_...
Sorry, but I'm not programmed to handle this case;
I'll just pretend that you didn't ask for it.
If you're in the wrong mode, you might be able to
return to the right one by typing `I}' or `I$' or `I\par'.

Missing character: There is no ç in font cmex10!

LaTeX Warning: Command \^ invalid in math mode on input line 125.

! Please use \mathaccent for accents in math mode.
\add@accent ...@spacefactor \spacefactor }\accent 
                                                  #1 #2\egroup \spacefactor ...
l.125   $Z$ = ($\^ P_A$ - $\^ P
                               _B$) - 0.1 / sqrt(($\^ P_A$(1 - $\^ P_A$)/$n_...
I'm changing \accent to \mathaccent here; wish me luck.
(Accents are not the same in formulas as they are in text.)

! You can't use `\spacefactor' in math mode.
\add@accent ...}\accent #1 #2\egroup \spacefactor 
                                                  \accent@spacefactor 
l.125   $Z$ = ($\^ P_A$ - $\^ P
                               _B$) - 0.1 / sqrt(($\^ P_A$(1 - $\^ P_A$)/$n_...
Sorry, but I'm not programmed to handle this case;
I'll just pretend that you didn't ask for it.
If you're in the wrong mode, you might be able to
return to the right one by typing `I}' or `I$' or `I\par'.

Missing character: There is no ç in font cmex10!

LaTeX Warning: Command \^ invalid in math mode on input line 125.

! Please use \mathaccent for accents in math mode.
\add@accent ...@spacefactor \spacefactor }\accent 
                                                  #1 #2\egroup \spacefactor ...
l.125 ...($\^ P_A$ - $\^ P_B$) - 0.1 / sqrt(($\^ P
                                                  _A$(1 - $\^ P_A$)/$n_A$) +...
I'm changing \accent to \mathaccent here; wish me luck.
(Accents are not the same in formulas as they are in text.)

! You can't use `\spacefactor' in math mode.
\add@accent ...}\accent #1 #2\egroup \spacefactor 
                                                  \accent@spacefactor 
l.125 ...($\^ P_A$ - $\^ P_B$) - 0.1 / sqrt(($\^ P
                                                  _A$(1 - $\^ P_A$)/$n_A$) +...
Sorry, but I'm not programmed to handle this case;
I'll just pretend that you didn't ask for it.
If you're in the wrong mode, you might be able to
return to the right one by typing `I}' or `I$' or `I\par'.

Missing character: There is no ç in font cmex10!

LaTeX Warning: Command \^ invalid in math mode on input line 125.

! Please use \mathaccent for accents in math mode.
\add@accent ...@spacefactor \spacefactor }\accent 
                                                  #1 #2\egroup \spacefactor ...
l.125 ...\^ P_B$) - 0.1 / sqrt(($\^ P_A$(1 - $\^ P
                                                  _A$)/$n_A$) + ($\^ P_B$(1 ...
I'm changing \accent to \mathaccent here; wish me luck.
(Accents are not the same in formulas as they are in text.)

! You can't use `\spacefactor' in math mode.
\add@accent ...}\accent #1 #2\egroup \spacefactor 
                                                  \accent@spacefactor 
l.125 ...\^ P_B$) - 0.1 / sqrt(($\^ P_A$(1 - $\^ P
                                                  _A$)/$n_A$) + ($\^ P_B$(1 ...
Sorry, but I'm not programmed to handle this case;
I'll just pretend that you didn't ask for it.
If you're in the wrong mode, you might be able to
return to the right one by typing `I}' or `I$' or `I\par'.

Missing character: There is no ç in font cmex10!

LaTeX Warning: Command \^ invalid in math mode on input line 125.

! Please use \mathaccent for accents in math mode.
\add@accent ...@spacefactor \spacefactor }\accent 
                                                  #1 #2\egroup \spacefactor ...
l.125 ...t(($\^ P_A$(1 - $\^ P_A$)/$n_A$) + ($\^ P
                                                  _B$(1 - $\^ P_B$)/$n_B$))
I'm changing \accent to \mathaccent here; wish me luck.
(Accents are not the same in formulas as they are in text.)

! You can't use `\spacefactor' in math mode.
\add@accent ...}\accent #1 #2\egroup \spacefactor 
                                                  \accent@spacefactor 
l.125 ...t(($\^ P_A$(1 - $\^ P_A$)/$n_A$) + ($\^ P
                                                  _B$(1 - $\^ P_B$)/$n_B$))
Sorry, but I'm not programmed to handle this case;
I'll just pretend that you didn't ask for it.
If you're in the wrong mode, you might be able to
return to the right one by typing `I}' or `I$' or `I\par'.

Missing character: There is no ç in font cmex10!

LaTeX Warning: Command \^ invalid in math mode on input line 125.

! Please use \mathaccent for accents in math mode.
\add@accent ...@spacefactor \spacefactor }\accent 
                                                  #1 #2\egroup \spacefactor ...
l.125 ... - $\^ P_A$)/$n_A$) + ($\^ P_B$(1 - $\^ P
                                                  _B$)/$n_B$))
I'm changing \accent to \mathaccent here; wish me luck.
(Accents are not the same in formulas as they are in text.)

! You can't use `\spacefactor' in math mode.
\add@accent ...}\accent #1 #2\egroup \spacefactor 
                                                  \accent@spacefactor 
l.125 ... - $\^ P_A$)/$n_A$) + ($\^ P_B$(1 - $\^ P
                                                  _B$)/$n_B$))
Sorry, but I'm not programmed to handle this case;
I'll just pretend that you didn't ask for it.
If you're in the wrong mode, you might be able to
return to the right one by typing `I}' or `I$' or `I\par'.

Missing character: There is no ç in font cmex10!
LaTeX Font Info:    Try loading font information for OMS+cmr on input line 127.

("C:\Program Files (x86)\MiKTeX 2.9\tex\latex\base\omscmr.fd"
File: omscmr.fd 1999/05/25 v2.5h Standard LaTeX font definitions
)
LaTeX Font Info:    Font shape `OMS/cmr/m/n' in size <12> not available
(Font)              Font shape `OMS/cmsy/m/n' tried instead on input line 127.

! Missing { inserted.
<to be read again> 
                   \ 
l.127   (RC)=\{$Z_O$$>$$Z_\ 
                            0.05$=1.645\}
A left brace was mandatory here, so I've put one in.
You might want to delete and/or insert some corrections
so that I will find a matching right brace soon.
(If you're confused by all this, try typing `I}' now.)

! Missing } inserted.
<inserted text> 
                }
l.127   (RC)=\{$Z_O$$>$$Z_\ 0.05$
                                 =1.645\}
I've inserted something that you may have forgotten.
(See the <inserted text> above.)
With luck, this will get me unwedged. But if you
really didn't forget anything, try typing `2' now; then
my insertion and my current dilemma will both disappear.


LaTeX Warning: Command \^ invalid in math mode on input line 129.

! Please use \mathaccent for accents in math mode.
\add@accent ...@spacefactor \spacefactor }\accent 
                                                  #1 #2\egroup \spacefactor ...
l.129   $\^ P
             _A$ = 56/200 = 0.28;  $\^ P_B$ = 29/150 = 0.193\\
I'm changing \accent to \mathaccent here; wish me luck.
(Accents are not the same in formulas as they are in text.)

! You can't use `\spacefactor' in math mode.
\add@accent ...}\accent #1 #2\egroup \spacefactor 
                                                  \accent@spacefactor 
l.129   $\^ P
             _A$ = 56/200 = 0.28;  $\^ P_B$ = 29/150 = 0.193\\
Sorry, but I'm not programmed to handle this case;
I'll just pretend that you didn't ask for it.
If you're in the wrong mode, you might be able to
return to the right one by typing `I}' or `I$' or `I\par'.

Missing character: There is no ç in font cmex10!

LaTeX Warning: Command \^ invalid in math mode on input line 129.

! Please use \mathaccent for accents in math mode.
\add@accent ...@spacefactor \spacefactor }\accent 
                                                  #1 #2\egroup \spacefactor ...
l.129   $\^ P_A$ = 56/200 = 0.28;  $\^ P
                                        _B$ = 29/150 = 0.193\\
I'm changing \accent to \mathaccent here; wish me luck.
(Accents are not the same in formulas as they are in text.)

! You can't use `\spacefactor' in math mode.
\add@accent ...}\accent #1 #2\egroup \spacefactor 
                                                  \accent@spacefactor 
l.129   $\^ P_A$ = 56/200 = 0.28;  $\^ P
                                        _B$ = 29/150 = 0.193\\
Sorry, but I'm not programmed to handle this case;
I'll just pretend that you didn't ask for it.
If you're in the wrong mode, you might be able to
return to the right one by typing `I}' or `I$' or `I\par'.

Missing character: There is no ç in font cmex10!
Package color Info: Redefining color shadecolor on input line 137.
LaTeX Font Info:    Try loading font information for OMS+cmtt on input line 139
.
(C:/PROGRA~1/R/R-32~1.2/share/texmf/tex/latex\omscmtt.fd
File: omscmtt.fd 
)
LaTeX Font Info:    Font shape `OMS/cmtt/m/it' in size <12> not available
(Font)              Font shape `OMS/cmsy/m/n' tried instead on input line 139.
LaTeX Font Info:    Font shape `OT1/cmtt/bx/n' in size <12> not available
(Font)              Font shape `OT1/cmtt/m/n' tried instead on input line 140.
LaTeX Font Info:    Font shape `OMS/cmtt/m/n' in size <12> not available
(Font)              Font shape `OMS/cmsy/m/n' tried instead on input line 141.

Overfull \hbox (12.04126pt too wide) in paragraph at lines 156--156
[][]\OT1/cmtt/m/n/12 valores[] []<-[] []rbind[][]([][]Prop_Estimada[][]=PE,[] [
]Prop_Hipotetica[][]=po,[] []Z_critico[][]=Z,[][]Estadistico[][]= Zo)[][] 
 []


Overfull \hbox (5.5947pt too wide) in paragraph at lines 195--195
[][]\OT1/cmtt/m/it/12 # unilateral (H1= "Menor" o H1= "Mayor") ejecute las sigu
ientes instrucciones y [][] 
 []


Package Fancyhdr Warning: \headheight is too small (12.0pt): 
 Make it at least 15.71667pt.
 We now make it that large for the rest of the document.
 This may cause the page layout to be inconsistent, however.

[1] [2]
Underfull \hbox (badness 10000) in paragraph at lines 233--234

 []

Package color Info: Redefining color shadecolor on input line 242.
[3]
Package color Info: Redefining color shadecolor on input line 289.
 [4]
Underfull \hbox (badness 10000) in paragraph at lines 328--329

 []


Underfull \hbox (badness 10000) in paragraph at lines 330--331

 []

! Undefined control sequence.
<recently read> \Â
                  
l.340   $H_o$: $\Â
                  µ_1$ = $\Âµ_2$\\
The control sequence at the end of the top line
of your error message was never \def'ed. If you have
misspelled it (e.g., `\hobx'), type `I' and the correct
spelling (e.g., `I\hbox'). Otherwise just continue,
and I'll forget about whatever was undefined.

! Undefined control sequence.
<recently read> \Â
                  
l.340   $H_o$: $\Âµ_1$ = $\Â
                            µ_2$\\
The control sequence at the end of the top line
of your error message was never \def'ed. If you have
misspelled it (e.g., `\hobx'), type `I' and the correct
spelling (e.g., `I\hbox'). Otherwise just continue,
and I'll forget about whatever was undefined.

! Undefined control sequence.
<recently read> \Â
                  
l.341   $H_1$: $\Â
                  µ_1$ distinto $\Âµ_2$
The control sequence at the end of the top line
of your error message was never \def'ed. If you have
misspelled it (e.g., `\hobx'), type `I' and the correct
spelling (e.g., `I\hbox'). Otherwise just continue,
and I'll forget about whatever was undefined.

! Undefined control sequence.
<recently read> \Â
                  
l.341   $H_1$: $\Âµ_1$ distinto $\Â
                                   µ_2$
The control sequence at the end of the top line
of your error message was never \def'ed. If you have
misspelled it (e.g., `\hobx'), type `I' and the correct
spelling (e.g., `I\hbox'). Otherwise just continue,
and I'll forget about whatever was undefined.


Underfull \hbox (badness 10000) in paragraph at lines 344--345

 []

Package color Info: Redefining color shadecolor on input line 349.

Overfull \hbox (5.5947pt too wide) in paragraph at lines 377--377
[][]\OT1/cmtt/m/it/12 # Se concluye entonces que existe diferencia significativ
a en el IMC para ambos [][] 
 []

[5]
Underfull \hbox (badness 10000) in paragraph at lines 383--384

 []


Underfull \hbox (badness 10000) in paragraph at lines 389--390

 []


Underfull \hbox (badness 10000) in paragraph at lines 391--392

 []

Package color Info: Redefining color shadecolor on input line 395.

Overfull \hbox (49.09128pt too wide) in paragraph at lines 418--418
[][]\OT1/cmtt/m/n/12 hoja1[] []<-[] []data.frame[][]([][]Sujecto[][]=sujecto,[]
 []PAS.Antes[][]=PAS.Antes,[] []PAS.Despues[][]=PAS.Despues); hoja1[][] 
 []

[6]
! Undefined control sequence.
<recently read> \Â
                  
l.438   $H_o$: $\Â
                  µ_1$ = $\Âµ_2$  (Es decir la PAS es igual antes y despu\'e...
The control sequence at the end of the top line
of your error message was never \def'ed. If you have
misspelled it (e.g., `\hobx'), type `I' and the correct
spelling (e.g., `I\hbox'). Otherwise just continue,
and I'll forget about whatever was undefined.

! Undefined control sequence.
<recently read> \Â
                  
l.438   $H_o$: $\Âµ_1$ = $\Â
                            µ_2$  (Es decir la PAS es igual antes y despu\'e...
The control sequence at the end of the top line
of your error message was never \def'ed. If you have
misspelled it (e.g., `\hobx'), type `I' and the correct
spelling (e.g., `I\hbox'). Otherwise just continue,
and I'll forget about whatever was undefined.

! Undefined control sequence.
<recently read> \Â
                  
l.439   $H_1$: $\Â
                  µ_1$ distinto $\Âµ_2$
The control sequence at the end of the top line
of your error message was never \def'ed. If you have
misspelled it (e.g., `\hobx'), type `I' and the correct
spelling (e.g., `I\hbox'). Otherwise just continue,
and I'll forget about whatever was undefined.

! Undefined control sequence.
<recently read> \Â
                  
l.439   $H_1$: $\Âµ_1$ distinto $\Â
                                   µ_2$
The control sequence at the end of the top line
of your error message was never \def'ed. If you have
misspelled it (e.g., `\hobx'), type `I' and the correct
spelling (e.g., `I\hbox'). Otherwise just continue,
and I'll forget about whatever was undefined.

Package color Info: Redefining color shadecolor on input line 451.

Overfull \hbox (24.1946pt too wide) in paragraph at lines 522--522
[][]\OT1/cmtt/m/it/12 # resultados se rechaza Ho y por lo tanto se concluye que
 la PAS antes y despu\OMS/cmsy/m/n/12 n\OT1/cmtt/m/it/12 es [][] 
 []

[7]
Underfull \hbox (badness 10000) in paragraph at lines 528--530

 []

Package color Info: Redefining color shadecolor on input line 538.
[8]
Underfull \hbox (badness 10000) in paragraph at lines 557--558

 []

Package color Info: Redefining color shadecolor on input line 567.

Underfull \hbox (badness 10000) in paragraph at lines 599--601

 []

[9]
Underfull \hbox (badness 10000) in paragraph at lines 602--603

 []

Package color Info: Redefining color shadecolor on input line 615.
[10]
Package color Info: Redefining color shadecolor on input line 692.
 [11] [12]
Package color Info: Redefining color shadecolor on input line 771.

Overfull \hbox (10.54094pt too wide) in paragraph at lines 775--775
[][]\OT1/cmtt/m/n/12 Tabla_A[] []<-[] []c[][]([][]2098[][],[] []2082[][],[] []2
246[][],[] []2340[][],[] []2714[][],[] []2777[][],[] []2625[][],[] []2388[][],[
] []2766[][],[] []3112[][],[] []3030[][],[][] 
 []


Overfull \hbox (10.54094pt too wide) in paragraph at lines 776--776
[]             []\OT1/cmtt/m/n/12 3375[][],[] []3038[][],[] []3017[][],[] []313
6[][],[] []3204[][],[] []3174[][],[] []3220[][],[] []3464[][],[] []3870[][],[] 
[]3689[][],[] []3783[][],[][] 
 []


Overfull \hbox (10.54094pt too wide) in paragraph at lines 777--777
[]             []\OT1/cmtt/m/n/12 3457[][],[] []4151[][],[] []4230[][],[] []370
7[][],[] []4158[][],[] []4315[][],[] []4790[][],[] []4464[][],[] []4499[][],[] 
[]4819[][],[] []4739[][],[][] 
 []


Overfull \hbox (4.36594pt too wide) in paragraph at lines 780--780
[][]\OT1/cmtt/m/n/12 Tabla_B[][]<-[] []c[][]([][]1209[][],[] []1115[][],[] []11
51[][],[] []1208[][],[] []1170[][],[] []1198[][],[] []1390[][],[] []1480[][],[]
 []1359[][],[] []1337[][],[] []1415[][],[][] 
 []


Overfull \hbox (4.36594pt too wide) in paragraph at lines 781--781
[]            []\OT1/cmtt/m/n/12 1530[][],[] []1453[][],[] []1324[][],[] []1477
[][],[] []1501[][],[] []1661[][],[] []1562[][],[] []1764[][],[] []1796[][],[] [
]1976[][],[] []1802[][],[][] 
 []


Overfull \hbox (4.36594pt too wide) in paragraph at lines 782--782
[]            []\OT1/cmtt/m/n/12 2000[][],[] []1923[][],[] []2097[][],[] []2110
[][],[] []2214[][],[] []2069[][],[] []2324[][],[] []2309[][],[] []2353[][],[] [
]2091[][],[] []2187[][],[][] 
 []


Overfull \hbox (66.4691pt too wide) in paragraph at lines 803--803
[][]\OT1/cmtt/m/it/12 # Como el p valor es bajo se concluye que las varianzas p
ueden considerarse iguales. [][] 
 []

Package color Info: Redefining color shadecolor on input line 811.

Overfull \hbox (10.54094pt too wide) in paragraph at lines 815--815
[][]\OT1/cmtt/m/n/12 Tabla_A[] []<-[] []c[][]([][]2098[][],[] []2082[][],[] []2
246[][],[] []2340[][],[] []2714[][],[] []2777[][],[] []2625[][],[] []2388[][],[
] []2766[][],[] []3112[][],[] []3030[][],[][] 
 []


Overfull \hbox (10.54094pt too wide) in paragraph at lines 816--816
[]             []\OT1/cmtt/m/n/12 3375[][],[] []3038[][],[] []3017[][],[] []313
6[][],[] []3204[][],[] []3174[][],[] []3220[][],[] []3464[][],[] []3870[][],[] 
[]3689[][],[] []3783[][],[][] 
 []


Overfull \hbox (10.54094pt too wide) in paragraph at lines 817--817
[]             []\OT1/cmtt/m/n/12 3457[][],[] []4151[][],[] []4230[][],[] []370
7[][],[] []4158[][],[] []4315[][],[] []4790[][],[] []4464[][],[] []4499[][],[] 
[]4819[][],[] []4739[][],[][] 
 []


Overfull \hbox (4.36594pt too wide) in paragraph at lines 820--820
[][]\OT1/cmtt/m/n/12 Tabla_B[][]<-[] []c[][]([][]1209[][],[] []1115[][],[] []11
51[][],[] []1208[][],[] []1170[][],[] []1198[][],[] []1390[][],[] []1480[][],[]
 []1359[][],[] []1337[][],[] []1415[][],[][] 
 []


Overfull \hbox (4.36594pt too wide) in paragraph at lines 821--821
[]            []\OT1/cmtt/m/n/12 1530[][],[] []1453[][],[] []1324[][],[] []1477
[][],[] []1501[][],[] []1661[][],[] []1562[][],[] []1764[][],[] []1796[][],[] [
]1976[][],[] []1802[][],[][] 
 []


Overfull \hbox (4.36594pt too wide) in paragraph at lines 822--822
[]            []\OT1/cmtt/m/n/12 2000[][],[] []1923[][],[] []2097[][],[] []2110
[][],[] []2214[][],[] []2069[][],[] []2324[][],[] []2309[][],[] []2353[][],[] [
]2091[][],[] []2187[][],[][] 
 []


Overfull \hbox (16.06956pt too wide) in paragraph at lines 843--843
[][]\OT1/cmtt/m/it/12 # Se concluye que existe diferencia significativa en la d
ensidad de potencia [][] 
 []

[13] [14] ("C:\Users\marth_000\Documents\Yoana\PRACTICAS DE R\PRACTICA-23.aux")
 ) 
Here is how much of TeX's memory you used:
 4874 strings out of 493921
 69263 string characters out of 3144865
 154474 words of memory out of 3000000
 8085 multiletter control sequences out of 15000+200000
 9588 words of font info for 37 fonts, out of 3000000 for 9000
 841 hyphenation exceptions out of 8191
 36i,12n,43p,822b,344s stack positions out of 5000i,500n,10000p,200000b,50000s
<C:/Program Files (x86)/MiKTeX 2.9/fonts/type1/public/amsfonts/cm/cmbx12.pfb>
<C:/Program Files (x86)/MiKTeX 2.9/fonts/type1/public/amsfonts/cm/cmitt10.pfb><
C:/Program Files (x86)/MiKTeX 2.9/fonts/type1/public/amsfonts/cm/cmmi12.pfb><C:
/Program Files (x86)/MiKTeX 2.9/fonts/type1/public/amsfonts/cm/cmmi8.pfb><C:/Pr
ogram Files (x86)/MiKTeX 2.9/fonts/type1/public/amsfonts/cm/cmr12.pfb><C:/Progr
am Files (x86)/MiKTeX 2.9/fonts/type1/public/amsfonts/cm/cmr8.pfb><C:/Program F
iles (x86)/MiKTeX 2.9/fonts/type1/public/amsfonts/cm/cmsy10.pfb><C:/Program Fil
es (x86)/MiKTeX 2.9/fonts/type1/public/amsfonts/cm/cmtt12.pfb>
Output written on PRACTICA-23.pdf (15 pages, 369504 bytes).
PDF statistics:
 84 PDF objects out of 1000 (max. 8388607)
 0 named destinations out of 1000 (max. 500000)
 6 words of extra memory for PDF output out of 10000 (max. 10000000)

