This is pdfTeX, Version 3.1415926-2.5-1.40.14 (MiKTeX 2.9) (preloaded format=pdflatex 2015.9.7)  27 NOV 2015 15:44
entering extended mode
**PRACTICA-24.tex
("C:\Users\marth_000\Documents\Yoana\PRACTICAS DE R\PRACTICA-24.tex"
LaTeX2e <2011/06/27>
Babel <v3.8m> and hyphenation patterns for english, afrikaans, ancientgreek, ar
abic, armenian, assamese, basque, bengali, bokmal, bulgarian, catalan, coptic, 
croatian, czech, danish, dutch, esperanto, estonian, farsi, finnish, french, ga
lician, german, german-x-2013-05-26, greek, gujarati, hindi, hungarian, iceland
ic, indonesian, interlingua, irish, italian, kannada, kurmanji, latin, latvian,
 lithuanian, malayalam, marathi, mongolian, mongolianlmc, monogreek, ngerman, n
german-x-2013-05-26, nynorsk, oriya, panjabi, pinyin, polish, portuguese, roman
ian, russian, sanskrit, serbian, slovak, slovenian, spanish, swedish, swissgerm
an, tamil, telugu, turkish, turkmen, ukenglish, ukrainian, uppersorbian, usengl
ishmax, welsh, loaded.
("C:\Program Files (x86)\MiKTeX 2.9\tex\latex\base\article.cls"
Document Class: article 2007/10/19 v1.4h Standard LaTeX document class
("C:\Program Files (x86)\MiKTeX 2.9\tex\latex\base\size12.clo"
File: size12.clo 2007/10/19 v1.4h Standard LaTeX file (size option)
)
\c@part=\count79
\c@section=\count80
\c@subsection=\count81
\c@subsubsection=\count82
\c@paragraph=\count83
\c@subparagraph=\count84
\c@figure=\count85
\c@table=\count86
\abovecaptionskip=\skip41
\belowcaptionskip=\skip42
\bibindent=\dimen102
)
("C:\Program Files (x86)\MiKTeX 2.9\tex\latex\graphics\graphicx.sty"
Package: graphicx 1999/02/16 v1.0f Enhanced LaTeX Graphics (DPC,SPQR)

("C:\Program Files (x86)\MiKTeX 2.9\tex\latex\graphics\keyval.sty"
Package: keyval 1999/03/16 v1.13 key=value parser (DPC)
\KV@toks@=\toks14
)
("C:\Program Files (x86)\MiKTeX 2.9\tex\latex\graphics\graphics.sty"
Package: graphics 2009/02/05 v1.0o Standard LaTeX Graphics (DPC,SPQR)

("C:\Program Files (x86)\MiKTeX 2.9\tex\latex\graphics\trig.sty"
Package: trig 1999/03/16 v1.09 sin cos tan (DPC)
)
("C:\Program Files (x86)\MiKTeX 2.9\tex\latex\00miktex\graphics.cfg"
File: graphics.cfg 2007/01/18 v1.5 graphics configuration of teTeX/TeXLive
)
Package graphics Info: Driver file: pdftex.def on input line 91.

("C:\Program Files (x86)\MiKTeX 2.9\tex\latex\pdftex-def\pdftex.def"
File: pdftex.def 2011/05/27 v0.06d Graphics/color for pdfTeX

("C:\Program Files (x86)\MiKTeX 2.9\tex\generic\oberdiek\infwarerr.sty"
Package: infwarerr 2010/04/08 v1.3 Providing info/warning/error messages (HO)
)
("C:\Program Files (x86)\MiKTeX 2.9\tex\generic\oberdiek\ltxcmds.sty"
Package: ltxcmds 2011/11/09 v1.22 LaTeX kernel commands for general use (HO)
)
\Gread@gobject=\count87
))
\Gin@req@height=\dimen103
\Gin@req@width=\dimen104
)
("C:\Program Files (x86)\MiKTeX 2.9\tex\latex\graphics\color.sty"
Package: color 2005/11/14 v1.0j Standard LaTeX Color (DPC)

("C:\Program Files (x86)\MiKTeX 2.9\tex\latex\00miktex\color.cfg"
File: color.cfg 2007/01/18 v1.5 color configuration of teTeX/TeXLive
)
Package color Info: Driver file: pdftex.def on input line 130.
)
("C:\Program Files (x86)\MiKTeX 2.9\tex\latex\framed\framed.sty"
Package: framed 2011/10/22 v 0.96: framed or shaded text with page breaks
\OuterFrameSep=\skip43
\fb@frw=\dimen105
\fb@frh=\dimen106
\FrameRule=\dimen107
\FrameSep=\dimen108
)
("C:\Program Files (x86)\MiKTeX 2.9\tex\latex\base\alltt.sty"
Package: alltt 1997/06/16 v2.0g defines alltt environment
)
("C:\Program Files (x86)\MiKTeX 2.9\tex\latex\geometry\geometry.sty"
Package: geometry 2010/09/12 v5.6 Page Geometry

("C:\Program Files (x86)\MiKTeX 2.9\tex\generic\oberdiek\ifpdf.sty"
Package: ifpdf 2011/01/30 v2.3 Provides the ifpdf switch (HO)
Package ifpdf Info: pdfTeX in PDF mode is detected.
)
("C:\Program Files (x86)\MiKTeX 2.9\tex\generic\oberdiek\ifvtex.sty"
Package: ifvtex 2010/03/01 v1.5 Detect VTeX and its facilities (HO)
Package ifvtex Info: VTeX not detected.
)
("C:\Program Files (x86)\MiKTeX 2.9\tex\generic\ifxetex\ifxetex.sty"
Package: ifxetex 2010/09/12 v0.6 Provides ifxetex conditional
)
\Gm@cnth=\count88
\Gm@cntv=\count89
\c@Gm@tempcnt=\count90
\Gm@bindingoffset=\dimen109
\Gm@wd@mp=\dimen110
\Gm@odd@mp=\dimen111
\Gm@even@mp=\dimen112
\Gm@layoutwidth=\dimen113
\Gm@layoutheight=\dimen114
\Gm@layouthoffset=\dimen115
\Gm@layoutvoffset=\dimen116
\Gm@dimlist=\toks15

("C:\Program Files (x86)\MiKTeX 2.9\tex\latex\geometry\geometry.cfg"))
("C:\Program Files (x86)\MiKTeX 2.9\tex\latex\base\inputenc.sty"
Package: inputenc 2008/03/30 v1.1d Input encoding file
\inpenc@prehook=\toks16
\inpenc@posthook=\toks17

("C:\Program Files (x86)\MiKTeX 2.9\tex\latex\base\ansinew.def"
File: ansinew.def 2008/03/30 v1.1d Input encoding file
))
("C:\Program Files (x86)\MiKTeX 2.9\tex\generic\babel\babel.sty"
Package: babel 2008/07/08 v3.8m The Babel package

*************************************
* Local config file bblopts.cfg used
*
("C:\Program Files (x86)\MiKTeX 2.9\tex\latex\00miktex\bblopts.cfg"
File: bblopts.cfg 2006/07/31 v1.0 MiKTeX 'babel' configuration
)
("C:\Program Files (x86)\MiKTeX 2.9\tex\generic\babel\spanish.ldf"
Language: spanish.ldf 2009/01/02 v5.0h Spanish support from the babel system

("C:\Program Files (x86)\MiKTeX 2.9\tex\generic\babel\babel.def"
File: babel.def 2008/07/08 v3.8m Babel common definitions
\babel@savecnt=\count91
\U@D=\dimen117
)
\es@datefmt=\count92
\es@quottoks=\toks18
\es@quotdepth=\count93
Package babel Info: Making " an active character on input line 492.
Package babel Info: Making . an active character on input line 585.
Package babel Info: Making < an active character on input line 630.
Package babel Info: Making > an active character on input line 630.
))
("C:\Program Files (x86)\MiKTeX 2.9\tex\latex\amsmath\amsmath.sty"
Package: amsmath 2013/01/14 v2.14 AMS math features
\@mathmargin=\skip44

For additional information on amsmath, use the `?' option.
("C:\Program Files (x86)\MiKTeX 2.9\tex\latex\amsmath\amstext.sty"
Package: amstext 2000/06/29 v2.01

("C:\Program Files (x86)\MiKTeX 2.9\tex\latex\amsmath\amsgen.sty"
File: amsgen.sty 1999/11/30 v2.0
\@emptytoks=\toks19
\ex@=\dimen118
))
("C:\Program Files (x86)\MiKTeX 2.9\tex\latex\amsmath\amsbsy.sty"
Package: amsbsy 1999/11/29 v1.2d
\pmbraise@=\dimen119
)
("C:\Program Files (x86)\MiKTeX 2.9\tex\latex\amsmath\amsopn.sty"
Package: amsopn 1999/12/14 v2.01 operator names
)
\inf@bad=\count94
LaTeX Info: Redefining \frac on input line 210.
\uproot@=\count95
\leftroot@=\count96
LaTeX Info: Redefining \overline on input line 306.
\classnum@=\count97
\DOTSCASE@=\count98
LaTeX Info: Redefining \ldots on input line 378.
LaTeX Info: Redefining \dots on input line 381.
LaTeX Info: Redefining \cdots on input line 466.
\Mathstrutbox@=\box26
\strutbox@=\box27
\big@size=\dimen120
LaTeX Font Info:    Redeclaring font encoding OML on input line 566.
LaTeX Font Info:    Redeclaring font encoding OMS on input line 567.
\macc@depth=\count99
\c@MaxMatrixCols=\count100
\dotsspace@=\muskip10
\c@parentequation=\count101
\dspbrk@lvl=\count102
\tag@help=\toks20
\row@=\count103
\column@=\count104
\maxfields@=\count105
\andhelp@=\toks21
\eqnshift@=\dimen121
\alignsep@=\dimen122
\tagshift@=\dimen123
\tagwidth@=\dimen124
\totwidth@=\dimen125
\lineht@=\dimen126
\@envbody=\toks22
\multlinegap=\skip45
\multlinetaggap=\skip46
\mathdisplay@stack=\toks23
LaTeX Info: Redefining \[ on input line 2665.
LaTeX Info: Redefining \] on input line 2666.
)
("C:\Program Files (x86)\MiKTeX 2.9\tex\latex\amsfonts\amsfonts.sty"
Package: amsfonts 2013/01/14 v3.01 Basic AMSFonts support
\symAMSa=\mathgroup4
\symAMSb=\mathgroup5
LaTeX Font Info:    Overwriting math alphabet `\mathfrak' in version `bold'
(Font)                  U/euf/m/n --> U/euf/b/n on input line 106.
)
("C:\Program Files (x86)\MiKTeX 2.9\tex\latex\amsfonts\amssymb.sty"
Package: amssymb 2013/01/14 v3.01 AMS font symbols
)
("C:\Program Files (x86)\MiKTeX 2.9\tex\latex\dstroke\dsfont.sty"
Package: dsfont 1995/08/01 v0.1 Double stroke roman fonts
)
("C:\Program Files (x86)\MiKTeX 2.9\tex\latex\tools\multicol.sty"
Package: multicol 2011/06/27 v1.7a multicolumn formatting (FMi)
\c@tracingmulticols=\count106
\mult@box=\box28
\multicol@leftmargin=\dimen127
\c@unbalance=\count107
\c@collectmore=\count108
\doublecol@number=\count109
\multicoltolerance=\count110
\multicolpretolerance=\count111
\full@width=\dimen128
\page@free=\dimen129
\premulticols=\dimen130
\postmulticols=\dimen131
\multicolsep=\skip47
\multicolbaselineskip=\skip48
\partial@page=\box29
\last@line=\box30
\mult@rightbox=\box31
\mult@grightbox=\box32
\mult@gfirstbox=\box33
\mult@firstbox=\box34
\@tempa=\box35
\@tempa=\box36
\@tempa=\box37
\@tempa=\box38
\@tempa=\box39
\@tempa=\box40
\@tempa=\box41
\@tempa=\box42
\@tempa=\box43
\@tempa=\box44
\@tempa=\box45
\@tempa=\box46
\@tempa=\box47
\@tempa=\box48
\@tempa=\box49
\@tempa=\box50
\@tempa=\box51
\c@columnbadness=\count112
\c@finalcolumnbadness=\count113
\last@try=\dimen132
\multicolovershoot=\dimen133
\multicolundershoot=\dimen134
\mult@nat@firstbox=\box52
\colbreak@box=\box53
\multicol@sort@counter=\count114
)
("C:\Program Files (x86)\MiKTeX 2.9\tex\latex\subfigure\subfigure.sty"
Package: subfigure 2002/07/30 v2.1.4 subfigure package
\subfigtopskip=\skip49
\subfigcapskip=\skip50
\subfigcaptopadj=\dimen135
\subfigbottomskip=\skip51
\subfigcapmargin=\dimen136
\subfiglabelskip=\skip52
\c@subfigure=\count115
\c@lofdepth=\count116
\c@subtable=\count117
\c@lotdepth=\count118

****************************************
* Local config file subfigure.cfg used *
****************************************
("C:\Program Files (x86)\MiKTeX 2.9\tex\latex\subfigure\subfigure.cfg")
\subfig@top=\skip53
\subfig@bottom=\skip54
)
("C:\Program Files (x86)\MiKTeX 2.9\tex\latex\float\float.sty"
Package: float 2001/11/08 v1.3d Float enhancements (AL)
\c@float@type=\count119
\float@exts=\toks24
\float@box=\box54
\@float@everytoks=\toks25
\@floatcapt=\box55
)
("C:\Program Files (x86)\MiKTeX 2.9\tex\latex\tools\verbatim.sty"
Package: verbatim 2003/08/22 v1.5q LaTeX2e package for verbatim enhancements
\every@verbatim=\toks26
\verbatim@line=\toks27
\verbatim@in@stream=\read1
)
("C:\Program Files (x86)\MiKTeX 2.9\tex\latex\fancyhdr\fancyhdr.sty"
\fancy@headwidth=\skip55
\f@ncyO@elh=\skip56
\f@ncyO@erh=\skip57
\f@ncyO@olh=\skip58
\f@ncyO@orh=\skip59
\f@ncyO@elf=\skip60
\f@ncyO@erf=\skip61
\f@ncyO@olf=\skip62
\f@ncyO@orf=\skip63
)
("C:\Program Files (x86)\MiKTeX 2.9\tex\latex\caption\caption.sty"
Package: caption 2013/05/02 v3.3-89 Customizing captions (AR)

("C:\Program Files (x86)\MiKTeX 2.9\tex\latex\caption\caption3.sty"
Package: caption3 2013/05/02 v1.6-88 caption3 kernel (AR)
Package caption3 Info: TeX engine: e-TeX on input line 57.
\captionmargin=\dimen137
\captionmargin@=\dimen138
\captionwidth=\dimen139
\caption@tempdima=\dimen140
\caption@indent=\dimen141
\caption@parindent=\dimen142
\caption@hangindent=\dimen143
)
\c@ContinuedFloat=\count120
Package caption Info: float package is loaded.
Package caption Info: subfigure package is loaded.
)
\c@definicion=\count121

("C:\Program Files (x86)\MiKTeX 2.9\tex\latex\upquote\upquote.sty"
Package: upquote 2012/04/19 v1.3 upright-quote and grave-accent glyphs in verba
tim
)
("C:\Users\marth_000\Documents\Yoana\PRACTICAS DE R\PRACTICA-24.aux")
LaTeX Font Info:    Checking defaults for OML/cmm/m/it on input line 70.
LaTeX Font Info:    ... okay on input line 70.
LaTeX Font Info:    Checking defaults for T1/cmr/m/n on input line 70.
LaTeX Font Info:    ... okay on input line 70.
LaTeX Font Info:    Checking defaults for OT1/cmr/m/n on input line 70.
LaTeX Font Info:    ... okay on input line 70.
LaTeX Font Info:    Checking defaults for OMS/cmsy/m/n on input line 70.
LaTeX Font Info:    ... okay on input line 70.
LaTeX Font Info:    Checking defaults for OMX/cmex/m/n on input line 70.
LaTeX Font Info:    ... okay on input line 70.
LaTeX Font Info:    Checking defaults for U/cmr/m/n on input line 70.
LaTeX Font Info:    ... okay on input line 70.

("C:\Program Files (x86)\MiKTeX 2.9\tex\context\base\supp-pdf.mkii"
[Loading MPS to PDF converter (version 2006.09.02).]
\scratchcounter=\count122
\scratchdimen=\dimen144
\scratchbox=\box56
\nofMPsegments=\count123
\nofMParguments=\count124
\everyMPshowfont=\toks28
\MPscratchCnt=\count125
\MPscratchDim=\dimen145
\MPnumerator=\count126
\makeMPintoPDFobject=\count127
\everyMPtoPDFconversion=\toks29
)
*geometry* driver: auto-detecting
*geometry* detected driver: pdftex
*geometry* verbose mode - [ preamble ] result:
* driver: pdftex
* paper: letterpaper
* layout: <same size as paper>
* layoutoffset:(h,v)=(0.0pt,0.0pt)
* modes: 
* h-part:(L,W,R)=(56.9055pt, 500.484pt, 56.9055pt)
* v-part:(T,H,B)=(56.9055pt, 681.15898pt, 56.9055pt)
* \paperwidth=614.295pt
* \paperheight=794.96999pt
* \textwidth=500.484pt
* \textheight=681.15898pt
* \oddsidemargin=-15.36449pt
* \evensidemargin=-15.36449pt
* \topmargin=-52.36449pt
* \headheight=12.0pt
* \headsep=25.0pt
* \topskip=12.0pt
* \footskip=30.0pt
* \marginparwidth=44.0pt
* \marginparsep=10.0pt
* \columnsep=10.0pt
* \skip\footins=10.8pt plus 4.0pt minus 2.0pt
* \hoffset=0.0pt
* \voffset=0.0pt
* \mag=1000
* \@twocolumnfalse
* \@twosidefalse
* \@mparswitchfalse
* \@reversemarginfalse
* (1in=72.27pt=25.4mm, 1cm=28.453pt)

Package caption Info: Begin \AtBeginDocument code.
Package caption Info: End \AtBeginDocument code.
<minerva.jpg, id=1, 398.4486pt x 398.4486pt>
File: minerva.jpg Graphic file (type jpg)
 <use minerva.jpg>
Package pdftex.def Info: minerva.jpg used on input line 82.
(pdftex.def)             Requested size: 113.81102pt x 113.80829pt.

Overfull \hbox (11.66539pt too wide) in paragraph at lines 83--84
 [][] 
 []

[1

{C:/ProgramData/MiKTeX/2.9/pdftex/config/pdftex.map} <C:/Users/marth_000/Docume
nts/Yoana/PRACTICAS DE R/minerva.jpg>]
\c@teorema=\count128
\c@prop=\count129
LaTeX Font Info:    Try loading font information for U+msa on input line 111.

("C:\Program Files (x86)\MiKTeX 2.9\tex\latex\amsfonts\umsa.fd"
File: umsa.fd 2013/01/14 v3.01 AMS symbols A
)
LaTeX Font Info:    Try loading font information for U+msb on input line 111.

("C:\Program Files (x86)\MiKTeX 2.9\tex\latex\amsfonts\umsb.fd"
File: umsb.fd 2013/01/14 v3.01 AMS symbols B
)
Underfull \hbox (badness 10000) in paragraph at lines 111--112

 []

! Missing { inserted.
<to be read again> 
                   \begingroup 
l.116 \textbf{$y_\ij$ = $\Âµ_i$ + $u_\ij$}
                                          
A left brace was mandatory here, so I've put one in.
You might want to delete and/or insert some corrections
so that I will find a matching right brace soon.
(If you're confused by all this, try typing `I}' now.)


LaTeX Warning: Command \ij invalid in math mode on input line 116.

! Missing } inserted.
<inserted text> 
                }
l.116 \textbf{$y_\ij$ = $\Âµ_i$ + $u_\ij$}
                                          
I've inserted something that you may have forgotten.
(See the <inserted text> above.)
With luck, this will get me unwedged. But if you
really didn't forget anything, try typing `2' now; then
my insertion and my current dilemma will both disappear.

! Undefined control sequence.
<recently read> \Â
                  
l.116 \textbf{$y_\ij$ = $\Âµ_i$ + $u_\ij$}
                                          
The control sequence at the end of the top line
of your error message was never \def'ed. If you have
misspelled it (e.g., `\hobx'), type `I' and the correct
spelling (e.g., `I\hbox'). Otherwise just continue,
and I'll forget about whatever was undefined.

! Missing { inserted.
<to be read again> 
                   \begingroup 
l.116 \textbf{$y_\ij$ = $\Âµ_i$ + $u_\ij$}
                                          
A left brace was mandatory here, so I've put one in.
You might want to delete and/or insert some corrections
so that I will find a matching right brace soon.
(If you're confused by all this, try typing `I}' now.)


LaTeX Warning: Command \ij invalid in math mode on input line 116.

! Missing } inserted.
<inserted text> 
                }
l.116 \textbf{$y_\ij$ = $\Âµ_i$ + $u_\ij$}
                                          
I've inserted something that you may have forgotten.
(See the <inserted text> above.)
With luck, this will get me unwedged. But if you
really didn't forget anything, try typing `2' now; then
my insertion and my current dilemma will both disappear.

! Missing { inserted.
<to be read again> 
                   \begingroup 
l.122   \item $y_\ij
                    $: Representa la j-\'esima observaci\'on correspondiente...
A left brace was mandatory here, so I've put one in.
You might want to delete and/or insert some corrections
so that I will find a matching right brace soon.
(If you're confused by all this, try typing `I}' now.)


LaTeX Warning: Command \ij invalid in math mode on input line 122.

! Missing } inserted.
<inserted text> 
                }
l.122   \item $y_\ij$
                     : Representa la j-\'esima observaci\'on correspondiente...
I've inserted something that you may have forgotten.
(See the <inserted text> above.)
With luck, this will get me unwedged. But if you
really didn't forget anything, try typing `2' now; then
my insertion and my current dilemma will both disappear.

! Undefined control sequence.
<recently read> \Â
                  
l.123   \item $\Â
                 µ_i$: Representa la media del i-\'esimo grupo (o tratamiento)
The control sequence at the end of the top line
of your error message was never \def'ed. If you have
misspelled it (e.g., `\hobx'), type `I' and the correct
spelling (e.g., `I\hbox'). Otherwise just continue,
and I'll forget about whatever was undefined.

! Missing { inserted.
<to be read again> 
                   \begingroup 
l.124   \item $u_\ij
                    $: Representa un componente de error aleatorio, llamado ...
A left brace was mandatory here, so I've put one in.
You might want to delete and/or insert some corrections
so that I will find a matching right brace soon.
(If you're confused by all this, try typing `I}' now.)


LaTeX Warning: Command \ij invalid in math mode on input line 124.

! Missing } inserted.
<inserted text> 
                }
l.124   \item $u_\ij$
                     : Representa un componente de error aleatorio, llamado ...
I've inserted something that you may have forgotten.
(See the <inserted text> above.)
With luck, this will get me unwedged. But if you
really didn't forget anything, try typing `2' now; then
my insertion and my current dilemma will both disappear.

! Undefined control sequence.
<recently read> \Â
                  
l.127 ...s considerando el caso en que $t_i$ = $\Â
                                                  µ_i$ - $\Âµ$, por lo que e...
The control sequence at the end of the top line
of your error message was never \def'ed. If you have
misspelled it (e.g., `\hobx'), type `I' and the correct
spelling (e.g., `I\hbox'). Otherwise just continue,
and I'll forget about whatever was undefined.

! Undefined control sequence.
<recently read> \Â
                  
l.127 ...ando el caso en que $t_i$ = $\Âµ_i$ - $\Â
                                                  µ$, por lo que el modelo s...
The control sequence at the end of the top line
of your error message was never \def'ed. If you have
misspelled it (e.g., `\hobx'), type `I' and the correct
spelling (e.g., `I\hbox'). Otherwise just continue,
and I'll forget about whatever was undefined.

! Missing { inserted.
<to be read again> 
                   \begingroup 
l.127 ... lo que el modelo se convierte en: $y_\ij
                                                  $ = $\Âµ$ + $t_i$ + $e_\ij$\\
A left brace was mandatory here, so I've put one in.
You might want to delete and/or insert some corrections
so that I will find a matching right brace soon.
(If you're confused by all this, try typing `I}' now.)


LaTeX Warning: Command \ij invalid in math mode on input line 127.

! Missing } inserted.
<inserted text> 
                }
l.127 ...lo que el modelo se convierte en: $y_\ij$
                                                   = $\Âµ$ + $t_i$ + $e_\ij$\\
I've inserted something that you may have forgotten.
(See the <inserted text> above.)
With luck, this will get me unwedged. But if you
really didn't forget anything, try typing `2' now; then
my insertion and my current dilemma will both disappear.

! Undefined control sequence.
<recently read> \Â
                  
l.127 ... el modelo se convierte en: $y_\ij$ = $\Â
                                                  µ$ + $t_i$ + $e_\ij$\\
The control sequence at the end of the top line
of your error message was never \def'ed. If you have
misspelled it (e.g., `\hobx'), type `I' and the correct
spelling (e.g., `I\hbox'). Otherwise just continue,
and I'll forget about whatever was undefined.

! Missing { inserted.
<to be read again> 
                   \begingroup 
l.127 ...erte en: $y_\ij$ = $\Âµ$ + $t_i$ + $e_\ij
                                                  $\\
A left brace was mandatory here, so I've put one in.
You might want to delete and/or insert some corrections
so that I will find a matching right brace soon.
(If you're confused by all this, try typing `I}' now.)


LaTeX Warning: Command \ij invalid in math mode on input line 127.

! Missing } inserted.
<inserted text> 
                }
l.127 ...rte en: $y_\ij$ = $\Âµ$ + $t_i$ + $e_\ij$
                                                  \\
I've inserted something that you may have forgotten.
(See the <inserted text> above.)
With luck, this will get me unwedged. But if you
really didn't forget anything, try typing `2' now; then
my insertion and my current dilemma will both disappear.


Underfull \hbox (badness 10000) in paragraph at lines 127--128

 []


Underfull \hbox (badness 10000) in paragraph at lines 129--130

 []


Underfull \hbox (badness 10000) in paragraph at lines 131--132

 []

! Missing { inserted.
<to be read again> 
                   \begingroup 
l.137   E[$u_\ij
                $] = 0; para todo i,j.
A left brace was mandatory here, so I've put one in.
You might want to delete and/or insert some corrections
so that I will find a matching right brace soon.
(If you're confused by all this, try typing `I}' now.)


LaTeX Warning: Command \ij invalid in math mode on input line 137.

! Missing } inserted.
<inserted text> 
                }
l.137   E[$u_\ij$
                 ] = 0; para todo i,j.
I've inserted something that you may have forgotten.
(See the <inserted text> above.)
With luck, this will get me unwedged. But if you
really didn't forget anything, try typing `2' now; then
my insertion and my current dilemma will both disappear.

! Missing { inserted.
<to be read again> 
                   \begingroup 
l.140   var($u_\ij
                  $) = $sigma^2$; para todo $i,j$.
A left brace was mandatory here, so I've put one in.
You might want to delete and/or insert some corrections
so that I will find a matching right brace soon.
(If you're confused by all this, try typing `I}' now.)


LaTeX Warning: Command \ij invalid in math mode on input line 140.

! Missing } inserted.
<inserted text> 
                }
l.140   var($u_\ij$
                   ) = $sigma^2$; para todo $i,j$.
I've inserted something that you may have forgotten.
(See the <inserted text> above.)
With luck, this will get me unwedged. But if you
really didn't forget anything, try typing `2' now; then
my insertion and my current dilemma will both disappear.

! Missing { inserted.
<to be read again> 
                   \begingroup 
l.142 ... normal, es decir se cumple que:\\ $u_\ij
                                                  $ = N(0; $sigma^2$) =; par...
A left brace was mandatory here, so I've put one in.
You might want to delete and/or insert some corrections
so that I will find a matching right brace soon.
(If you're confused by all this, try typing `I}' now.)


LaTeX Warning: Command \ij invalid in math mode on input line 142.

! Missing } inserted.
<inserted text> 
                }
l.142 ...normal, es decir se cumple que:\\ $u_\ij$
                                                   = N(0; $sigma^2$) =; para...
I've inserted something that you may have forgotten.
(See the <inserted text> above.)
With luck, this will get me unwedged. But if you
really didn't forget anything, try typing `2' now; then
my insertion and my current dilemma will both disappear.

! Missing { inserted.
<to be read again> 
                   \begingroup 
l.145   cov($u_\ij
                  $; $u_\ i^'\ j^'$)=0; para todo $i$ distinto de $i^'$, y p...
A left brace was mandatory here, so I've put one in.
You might want to delete and/or insert some corrections
so that I will find a matching right brace soon.
(If you're confused by all this, try typing `I}' now.)


LaTeX Warning: Command \ij invalid in math mode on input line 145.

! Missing } inserted.
<inserted text> 
                }
l.145   cov($u_\ij$
                   ; $u_\ i^'\ j^'$)=0; para todo $i$ distinto de $i^'$, y p...
I've inserted something that you may have forgotten.
(See the <inserted text> above.)
With luck, this will get me unwedged. But if you
really didn't forget anything, try typing `2' now; then
my insertion and my current dilemma will both disappear.

! Missing { inserted.
<to be read again> 
                   \ 
l.145   cov($u_\ij$; $u_\ 
                          i^'\ j^'$)=0; para todo $i$ distinto de $i^'$, y p...
A left brace was mandatory here, so I've put one in.
You might want to delete and/or insert some corrections
so that I will find a matching right brace soon.
(If you're confused by all this, try typing `I}' now.)

! Missing { inserted.
<to be read again> 
                   ^
l.145   cov($u_\ij$; $u_\ i^'
                             \ j^'$)=0; para todo $i$ distinto de $i^'$, y p...
A left brace was mandatory here, so I've put one in.
You might want to delete and/or insert some corrections
so that I will find a matching right brace soon.
(If you're confused by all this, try typing `I}' now.)

! Missing { inserted.
<to be read again> 
                   ^
l.145   cov($u_\ij$; $u_\ i^'\ j^'
                                  $)=0; para todo $i$ distinto de $i^'$, y p...
A left brace was mandatory here, so I've put one in.
You might want to delete and/or insert some corrections
so that I will find a matching right brace soon.
(If you're confused by all this, try typing `I}' now.)

! Missing } inserted.
<inserted text> 
                }
l.145   cov($u_\ij$; $u_\ i^'\ j^'$
                                   )=0; para todo $i$ distinto de $i^'$, y p...
I've inserted something that you may have forgotten.
(See the <inserted text> above.)
With luck, this will get me unwedged. But if you
really didn't forget anything, try typing `2' now; then
my insertion and my current dilemma will both disappear.

! Missing } inserted.
<inserted text> 
                }
l.145   cov($u_\ij$; $u_\ i^'\ j^'$
                                   )=0; para todo $i$ distinto de $i^'$, y p...
I've inserted something that you may have forgotten.
(See the <inserted text> above.)
With luck, this will get me unwedged. But if you
really didn't forget anything, try typing `2' now; then
my insertion and my current dilemma will both disappear.

! Missing } inserted.
<inserted text> 
                }
l.145   cov($u_\ij$; $u_\ i^'\ j^'$
                                   )=0; para todo $i$ distinto de $i^'$, y p...
I've inserted something that you may have forgotten.
(See the <inserted text> above.)
With luck, this will get me unwedged. But if you
really didn't forget anything, try typing `2' now; then
my insertion and my current dilemma will both disappear.

! Missing { inserted.
<to be read again> 
                   ^
l.145 ...\ j^'$)=0; para todo $i$ distinto de $i^'
                                                  $, y para todo $j$ distint...
A left brace was mandatory here, so I've put one in.
You might want to delete and/or insert some corrections
so that I will find a matching right brace soon.
(If you're confused by all this, try typing `I}' now.)

! Missing } inserted.
<inserted text> 
                }
l.145 ... j^'$)=0; para todo $i$ distinto de $i^'$
                                                  , y para todo $j$ distinto...
I've inserted something that you may have forgotten.
(See the <inserted text> above.)
With luck, this will get me unwedged. But if you
really didn't forget anything, try typing `2' now; then
my insertion and my current dilemma will both disappear.

! Missing { inserted.
<to be read again> 
                   ^
l.145 ...e $i^'$, y para todo $j$ distinto de $j^'
                                                  $
A left brace was mandatory here, so I've put one in.
You might want to delete and/or insert some corrections
so that I will find a matching right brace soon.
(If you're confused by all this, try typing `I}' now.)

! Missing } inserted.
<inserted text> 
                }
l.145 ... $i^'$, y para todo $j$ distinto de $j^'$
                                                  
I've inserted something that you may have forgotten.
(See the <inserted text> above.)
With luck, this will get me unwedged. But if you
really didn't forget anything, try typing `2' now; then
my insertion and my current dilemma will both disappear.


Underfull \hbox (badness 10000) in paragraph at lines 148--149

 []


Package Fancyhdr Warning: \headheight is too small (12.0pt): 
 Make it at least 15.71667pt.
 We now make it that large for the rest of the document.
 This may cause the page layout to be inconsistent, however.

[1]
! Missing { inserted.
<to be read again> 
                   \begingroup 
l.150 $u_\ij
            $ = $NIID$ N(0; $sigma^2$) =; para todo i,j.\\
A left brace was mandatory here, so I've put one in.
You might want to delete and/or insert some corrections
so that I will find a matching right brace soon.
(If you're confused by all this, try typing `I}' now.)


LaTeX Warning: Command \ij invalid in math mode on input line 150.

! Missing } inserted.
<inserted text> 
                }
l.150 $u_\ij$
              = $NIID$ N(0; $sigma^2$) =; para todo i,j.\\
I've inserted something that you may have forgotten.
(See the <inserted text> above.)
With luck, this will get me unwedged. But if you
really didn't forget anything, try typing `2' now; then
my insertion and my current dilemma will both disappear.


Underfull \hbox (badness 10000) in paragraph at lines 150--151

 []


Underfull \hbox (badness 10000) in paragraph at lines 152--153

 []

! Undefined control sequence.
<recently read> \Â
                  
l.155 $H_o$: $\Â
                µ_1$ = $\Âµ_2$ = $\Âµ_3$ ... $\Âµ_k$\\
The control sequence at the end of the top line
of your error message was never \def'ed. If you have
misspelled it (e.g., `\hobx'), type `I' and the correct
spelling (e.g., `I\hbox'). Otherwise just continue,
and I'll forget about whatever was undefined.

! Undefined control sequence.
<recently read> \Â
                  
l.155 $H_o$: $\Âµ_1$ = $\Â
                          µ_2$ = $\Âµ_3$ ... $\Âµ_k$\\
The control sequence at the end of the top line
of your error message was never \def'ed. If you have
misspelled it (e.g., `\hobx'), type `I' and the correct
spelling (e.g., `I\hbox'). Otherwise just continue,
and I'll forget about whatever was undefined.

! Undefined control sequence.
<recently read> \Â
                  
l.155 $H_o$: $\Âµ_1$ = $\Âµ_2$ = $\Â
                                    µ_3$ ... $\Âµ_k$\\
The control sequence at the end of the top line
of your error message was never \def'ed. If you have
misspelled it (e.g., `\hobx'), type `I' and the correct
spelling (e.g., `I\hbox'). Otherwise just continue,
and I'll forget about whatever was undefined.

! Undefined control sequence.
<recently read> \Â
                  
l.155 $H_o$: $\Âµ_1$ = $\Âµ_2$ = $\Âµ_3$ ... $\Â
                                                µ_k$\\
The control sequence at the end of the top line
of your error message was never \def'ed. If you have
misspelled it (e.g., `\hobx'), type `I' and the correct
spelling (e.g., `I\hbox'). Otherwise just continue,
and I'll forget about whatever was undefined.

! Undefined control sequence.
<recently read> \Â
                  
l.156 $H_1$: $\Â
                µ_i$ distinto $\Âµ_j$; para al menos un par $i$ distinto de ...
The control sequence at the end of the top line
of your error message was never \def'ed. If you have
misspelled it (e.g., `\hobx'), type `I' and the correct
spelling (e.g., `I\hbox'). Otherwise just continue,
and I'll forget about whatever was undefined.

! Undefined control sequence.
<recently read> \Â
                  
l.156 $H_1$: $\Âµ_i$ distinto $\Â
                                 µ_j$; para al menos un par $i$ distinto de ...
The control sequence at the end of the top line
of your error message was never \def'ed. If you have
misspelled it (e.g., `\hobx'), type `I' and the correct
spelling (e.g., `I\hbox'). Otherwise just continue,
and I'll forget about whatever was undefined.


Underfull \hbox (badness 10000) in paragraph at lines 154--157

 []


Underfull \hbox (badness 10000) in paragraph at lines 158--161

 []


Underfull \hbox (badness 10000) in paragraph at lines 170--171

 []


LaTeX Warning: Command \^ invalid in math mode on input line 172.

! Please use \mathaccent for accents in math mode.
\add@accent ...@spacefactor \spacefactor }\accent 
                                                  #1 #2\egroup \spacefactor ...
l.172 $\^y
          _\ij$ = $\^\Âµ$ + $\^t_i$ + $\^u_\ij$\\
I'm changing \accent to \mathaccent here; wish me luck.
(Accents are not the same in formulas as they are in text.)

! You can't use `\spacefactor' in math mode.
\add@accent ...}\accent #1 #2\egroup \spacefactor 
                                                  \accent@spacefactor 
l.172 $\^y
          _\ij$ = $\^\Âµ$ + $\^t_i$ + $\^u_\ij$\\
Sorry, but I'm not programmed to handle this case;
I'll just pretend that you didn't ask for it.
If you're in the wrong mode, you might be able to
return to the right one by typing `I}' or `I$' or `I\par'.

! Missing { inserted.
<to be read again> 
                   \begingroup 
l.172 $\^y_\ij
              $ = $\^\Âµ$ + $\^t_i$ + $\^u_\ij$\\
A left brace was mandatory here, so I've put one in.
You might want to delete and/or insert some corrections
so that I will find a matching right brace soon.
(If you're confused by all this, try typing `I}' now.)


LaTeX Warning: Command \ij invalid in math mode on input line 172.

! Missing } inserted.
<inserted text> 
                }
l.172 $\^y_\ij$
                = $\^\Âµ$ + $\^t_i$ + $\^u_\ij$\\
I've inserted something that you may have forgotten.
(See the <inserted text> above.)
With luck, this will get me unwedged. But if you
really didn't forget anything, try typing `2' now; then
my insertion and my current dilemma will both disappear.

Missing character: There is no è in font cmex10!

LaTeX Warning: Command \^ invalid in math mode on input line 172.

! Undefined control sequence.
<argument> \Â
             
l.172 $\^y_\ij$ = $\^\Â
                       µ$ + $\^t_i$ + $\^u_\ij$\\
The control sequence at the end of the top line
of your error message was never \def'ed. If you have
misspelled it (e.g., `\hobx'), type `I' and the correct
spelling (e.g., `I\hbox'). Otherwise just continue,
and I'll forget about whatever was undefined.

! Please use \mathaccent for accents in math mode.
\add@accent ...@spacefactor \spacefactor }\accent 
                                                  #1 #2\egroup \spacefactor ...
l.172 $\^y_\ij$ = $\^\Â
                       µ$ + $\^t_i$ + $\^u_\ij$\\
I'm changing \accent to \mathaccent here; wish me luck.
(Accents are not the same in formulas as they are in text.)

! Undefined control sequence.
<argument> \Â
             
l.172 $\^y_\ij$ = $\^\Â
                       µ$ + $\^t_i$ + $\^u_\ij$\\
The control sequence at the end of the top line
of your error message was never \def'ed. If you have
misspelled it (e.g., `\hobx'), type `I' and the correct
spelling (e.g., `I\hbox'). Otherwise just continue,
and I'll forget about whatever was undefined.

! Missing { inserted.
<to be read again> 
                   \egroup 
l.172 $\^y_\ij$ = $\^\Â
                       µ$ + $\^t_i$ + $\^u_\ij$\\
A left brace was mandatory here, so I've put one in.
You might want to delete and/or insert some corrections
so that I will find a matching right brace soon.
(If you're confused by all this, try typing `I}' now.)

! You can't use `\spacefactor' in math mode.
\add@accent ...}\accent #1 #2\egroup \spacefactor 
                                                  \accent@spacefactor 
l.172 $\^y_\ij$ = $\^\Â
                       µ$ + $\^t_i$ + $\^u_\ij$\\
Sorry, but I'm not programmed to handle this case;
I'll just pretend that you didn't ask for it.
If you're in the wrong mode, you might be able to
return to the right one by typing `I}' or `I$' or `I\par'.

! Missing } inserted.
<inserted text> 
                }
l.172 $\^y_\ij$ = $\^\Âµ$
                          + $\^t_i$ + $\^u_\ij$\\
I've inserted something that you may have forgotten.
(See the <inserted text> above.)
With luck, this will get me unwedged. But if you
really didn't forget anything, try typing `2' now; then
my insertion and my current dilemma will both disappear.

Missing character: There is no è in font cmex10!

LaTeX Warning: Command \^ invalid in math mode on input line 172.

! Please use \mathaccent for accents in math mode.
\add@accent ...@spacefactor \spacefactor }\accent 
                                                  #1 #2\egroup \spacefactor ...
l.172 $\^y_\ij$ = $\^\Âµ$ + $\^t
                                _i$ + $\^u_\ij$\\
I'm changing \accent to \mathaccent here; wish me luck.
(Accents are not the same in formulas as they are in text.)

! You can't use `\spacefactor' in math mode.
\add@accent ...}\accent #1 #2\egroup \spacefactor 
                                                  \accent@spacefactor 
l.172 $\^y_\ij$ = $\^\Âµ$ + $\^t
                                _i$ + $\^u_\ij$\\
Sorry, but I'm not programmed to handle this case;
I'll just pretend that you didn't ask for it.
If you're in the wrong mode, you might be able to
return to the right one by typing `I}' or `I$' or `I\par'.

Missing character: There is no è in font cmex10!

LaTeX Warning: Command \^ invalid in math mode on input line 172.

! Please use \mathaccent for accents in math mode.
\add@accent ...@spacefactor \spacefactor }\accent 
                                                  #1 #2\egroup \spacefactor ...
l.172 $\^y_\ij$ = $\^\Âµ$ + $\^t_i$ + $\^u
                                          _\ij$\\
I'm changing \accent to \mathaccent here; wish me luck.
(Accents are not the same in formulas as they are in text.)

! You can't use `\spacefactor' in math mode.
\add@accent ...}\accent #1 #2\egroup \spacefactor 
                                                  \accent@spacefactor 
l.172 $\^y_\ij$ = $\^\Âµ$ + $\^t_i$ + $\^u
                                          _\ij$\\
Sorry, but I'm not programmed to handle this case;
I'll just pretend that you didn't ask for it.
If you're in the wrong mode, you might be able to
return to the right one by typing `I}' or `I$' or `I\par'.

! Missing { inserted.
<to be read again> 
                   \begingroup 
l.172 $\^y_\ij$ = $\^\Âµ$ + $\^t_i$ + $\^u_\ij
                                              $\\
A left brace was mandatory here, so I've put one in.
You might want to delete and/or insert some corrections
so that I will find a matching right brace soon.
(If you're confused by all this, try typing `I}' now.)


LaTeX Warning: Command \ij invalid in math mode on input line 172.

! Missing } inserted.
<inserted text> 
                }
l.172 $\^y_\ij$ = $\^\Âµ$ + $\^t_i$ + $\^u_\ij$
                                               \\
I've inserted something that you may have forgotten.
(See the <inserted text> above.)
With luck, this will get me unwedged. But if you
really didn't forget anything, try typing `2' now; then
my insertion and my current dilemma will both disappear.

Missing character: There is no è in font cmex10!

Underfull \hbox (badness 10000) in paragraph at lines 172--173

 []


LaTeX Warning: Command \^ invalid in math mode on input line 176.

! Undefined control sequence.
<argument> \Â
             
l.176   \item $\^\Â
                   µ$ = $\~y_..$
The control sequence at the end of the top line
of your error message was never \def'ed. If you have
misspelled it (e.g., `\hobx'), type `I' and the correct
spelling (e.g., `I\hbox'). Otherwise just continue,
and I'll forget about whatever was undefined.

! Please use \mathaccent for accents in math mode.
\add@accent ...@spacefactor \spacefactor }\accent 
                                                  #1 #2\egroup \spacefactor ...
l.176   \item $\^\Â
                   µ$ = $\~y_..$
I'm changing \accent to \mathaccent here; wish me luck.
(Accents are not the same in formulas as they are in text.)

! Undefined control sequence.
<argument> \Â
             
l.176   \item $\^\Â
                   µ$ = $\~y_..$
The control sequence at the end of the top line
of your error message was never \def'ed. If you have
misspelled it (e.g., `\hobx'), type `I' and the correct
spelling (e.g., `I\hbox'). Otherwise just continue,
and I'll forget about whatever was undefined.

! Missing { inserted.
<to be read again> 
                   \egroup 
l.176   \item $\^\Â
                   µ$ = $\~y_..$
A left brace was mandatory here, so I've put one in.
You might want to delete and/or insert some corrections
so that I will find a matching right brace soon.
(If you're confused by all this, try typing `I}' now.)

! You can't use `\spacefactor' in math mode.
\add@accent ...}\accent #1 #2\egroup \spacefactor 
                                                  \accent@spacefactor 
l.176   \item $\^\Â
                   µ$ = $\~y_..$
Sorry, but I'm not programmed to handle this case;
I'll just pretend that you didn't ask for it.
If you're in the wrong mode, you might be able to
return to the right one by typing `I}' or `I$' or `I\par'.

! Missing } inserted.
<inserted text> 
                }
l.176   \item $\^\Âµ$
                      = $\~y_..$
I've inserted something that you may have forgotten.
(See the <inserted text> above.)
With luck, this will get me unwedged. But if you
really didn't forget anything, try typing `2' now; then
my insertion and my current dilemma will both disappear.

Missing character: There is no è in font cmex10!

LaTeX Warning: Command \~ invalid in math mode on input line 176.

! Please use \mathaccent for accents in math mode.
\add@accent ...@spacefactor \spacefactor }\accent 
                                                  #1 #2\egroup \spacefactor ...
l.176   \item $\^\Âµ$ = $\~y
                            _..$
I'm changing \accent to \mathaccent here; wish me luck.
(Accents are not the same in formulas as they are in text.)

! You can't use `\spacefactor' in math mode.
\add@accent ...}\accent #1 #2\egroup \spacefactor 
                                                  \accent@spacefactor 
l.176   \item $\^\Âµ$ = $\~y
                            _..$
Sorry, but I'm not programmed to handle this case;
I'll just pretend that you didn't ask for it.
If you're in the wrong mode, you might be able to
return to the right one by typing `I}' or `I$' or `I\par'.

! You can't use `\spacefactor' in math mode.
<argument> ...cefactor \spacefactor }\spacefactor 
                                                  \accent@spacefactor 
l.176   \item $\^\Âµ$ = $\~y
                            _..$
Sorry, but I'm not programmed to handle this case;
I'll just pretend that you didn't ask for it.
If you're in the wrong mode, you might be able to
return to the right one by typing `I}' or `I$' or `I\par'.

! Missing { inserted.
<to be read again> 
                   \let 
l.176   \item $\^\Âµ$ = $\~y_.
                              .$
A left brace was mandatory here, so I've put one in.
You might want to delete and/or insert some corrections
so that I will find a matching right brace soon.
(If you're confused by all this, try typing `I}' now.)

! Missing } inserted.
<inserted text> 
                }
l.176   \item $\^\Âµ$ = $\~y_..$
                                
I've inserted something that you may have forgotten.
(See the <inserted text> above.)
With luck, this will get me unwedged. But if you
really didn't forget anything, try typing `2' now; then
my insertion and my current dilemma will both disappear.

Missing character: There is no è in font cmex10!
Missing character: There is no è in font cmex10!

LaTeX Warning: Command \^ invalid in math mode on input line 177.

! Please use \mathaccent for accents in math mode.
\add@accent ...@spacefactor \spacefactor }\accent 
                                                  #1 #2\egroup \spacefactor ...
l.177   \item $\^t
                  _i$ = $\~y_i.$ - $\~y_..$
I'm changing \accent to \mathaccent here; wish me luck.
(Accents are not the same in formulas as they are in text.)

! You can't use `\spacefactor' in math mode.
\add@accent ...}\accent #1 #2\egroup \spacefactor 
                                                  \accent@spacefactor 
l.177   \item $\^t
                  _i$ = $\~y_i.$ - $\~y_..$
Sorry, but I'm not programmed to handle this case;
I'll just pretend that you didn't ask for it.
If you're in the wrong mode, you might be able to
return to the right one by typing `I}' or `I$' or `I\par'.

Missing character: There is no è in font cmex10!

LaTeX Warning: Command \~ invalid in math mode on input line 177.

! Please use \mathaccent for accents in math mode.
\add@accent ...@spacefactor \spacefactor }\accent 
                                                  #1 #2\egroup \spacefactor ...
l.177   \item $\^t_i$ = $\~y
                            _i.$ - $\~y_..$
I'm changing \accent to \mathaccent here; wish me luck.
(Accents are not the same in formulas as they are in text.)

! You can't use `\spacefactor' in math mode.
\add@accent ...}\accent #1 #2\egroup \spacefactor 
                                                  \accent@spacefactor 
l.177   \item $\^t_i$ = $\~y
                            _i.$ - $\~y_..$
Sorry, but I'm not programmed to handle this case;
I'll just pretend that you didn't ask for it.
If you're in the wrong mode, you might be able to
return to the right one by typing `I}' or `I$' or `I\par'.

! You can't use `\spacefactor' in math mode.
<argument> ...cefactor \spacefactor }\spacefactor 
                                                  \accent@spacefactor 
l.177   \item $\^t_i$ = $\~y
                            _i.$ - $\~y_..$
Sorry, but I'm not programmed to handle this case;
I'll just pretend that you didn't ask for it.
If you're in the wrong mode, you might be able to
return to the right one by typing `I}' or `I$' or `I\par'.

Missing character: There is no è in font cmex10!
Missing character: There is no è in font cmex10!

LaTeX Warning: Command \~ invalid in math mode on input line 177.

! Please use \mathaccent for accents in math mode.
\add@accent ...@spacefactor \spacefactor }\accent 
                                                  #1 #2\egroup \spacefactor ...
l.177   \item $\^t_i$ = $\~y_i.$ - $\~y
                                       _..$
I'm changing \accent to \mathaccent here; wish me luck.
(Accents are not the same in formulas as they are in text.)

! You can't use `\spacefactor' in math mode.
\add@accent ...}\accent #1 #2\egroup \spacefactor 
                                                  \accent@spacefactor 
l.177   \item $\^t_i$ = $\~y_i.$ - $\~y
                                       _..$
Sorry, but I'm not programmed to handle this case;
I'll just pretend that you didn't ask for it.
If you're in the wrong mode, you might be able to
return to the right one by typing `I}' or `I$' or `I\par'.

! You can't use `\spacefactor' in math mode.
<argument> ...cefactor \spacefactor }\spacefactor 
                                                  \accent@spacefactor 
l.177   \item $\^t_i$ = $\~y_i.$ - $\~y
                                       _..$
Sorry, but I'm not programmed to handle this case;
I'll just pretend that you didn't ask for it.
If you're in the wrong mode, you might be able to
return to the right one by typing `I}' or `I$' or `I\par'.

! Missing { inserted.
<to be read again> 
                   \let 
l.177   \item $\^t_i$ = $\~y_i.$ - $\~y_.
                                         .$
A left brace was mandatory here, so I've put one in.
You might want to delete and/or insert some corrections
so that I will find a matching right brace soon.
(If you're confused by all this, try typing `I}' now.)

! Missing } inserted.
<inserted text> 
                }
l.177   \item $\^t_i$ = $\~y_i.$ - $\~y_..$
                                           
I've inserted something that you may have forgotten.
(See the <inserted text> above.)
With luck, this will get me unwedged. But if you
really didn't forget anything, try typing `2' now; then
my insertion and my current dilemma will both disappear.

Missing character: There is no è in font cmex10!
Missing character: There is no è in font cmex10!

LaTeX Warning: Command \^ invalid in math mode on input line 178.

! Please use \mathaccent for accents in math mode.
\add@accent ...@spacefactor \spacefactor }\accent 
                                                  #1 #2\egroup \spacefactor ...
l.178   \item $\^u
                  _\ij$ = $y_\ij$ - $\~y_i.$
I'm changing \accent to \mathaccent here; wish me luck.
(Accents are not the same in formulas as they are in text.)

! You can't use `\spacefactor' in math mode.
\add@accent ...}\accent #1 #2\egroup \spacefactor 
                                                  \accent@spacefactor 
l.178   \item $\^u
                  _\ij$ = $y_\ij$ - $\~y_i.$
Sorry, but I'm not programmed to handle this case;
I'll just pretend that you didn't ask for it.
If you're in the wrong mode, you might be able to
return to the right one by typing `I}' or `I$' or `I\par'.

! Missing { inserted.
<to be read again> 
                   \begingroup 
l.178   \item $\^u_\ij
                      $ = $y_\ij$ - $\~y_i.$
A left brace was mandatory here, so I've put one in.
You might want to delete and/or insert some corrections
so that I will find a matching right brace soon.
(If you're confused by all this, try typing `I}' now.)


LaTeX Warning: Command \ij invalid in math mode on input line 178.

! Missing } inserted.
<inserted text> 
                }
l.178   \item $\^u_\ij$
                        = $y_\ij$ - $\~y_i.$
I've inserted something that you may have forgotten.
(See the <inserted text> above.)
With luck, this will get me unwedged. But if you
really didn't forget anything, try typing `2' now; then
my insertion and my current dilemma will both disappear.

Missing character: There is no è in font cmex10!
! Missing { inserted.
<to be read again> 
                   \begingroup 
l.178   \item $\^u_\ij$ = $y_\ij
                                $ - $\~y_i.$
A left brace was mandatory here, so I've put one in.
You might want to delete and/or insert some corrections
so that I will find a matching right brace soon.
(If you're confused by all this, try typing `I}' now.)


LaTeX Warning: Command \ij invalid in math mode on input line 178.

! Missing } inserted.
<inserted text> 
                }
l.178   \item $\^u_\ij$ = $y_\ij$
                                  - $\~y_i.$
I've inserted something that you may have forgotten.
(See the <inserted text> above.)
With luck, this will get me unwedged. But if you
really didn't forget anything, try typing `2' now; then
my insertion and my current dilemma will both disappear.


LaTeX Warning: Command \~ invalid in math mode on input line 178.

! Please use \mathaccent for accents in math mode.
\add@accent ...@spacefactor \spacefactor }\accent 
                                                  #1 #2\egroup \spacefactor ...
l.178   \item $\^u_\ij$ = $y_\ij$ - $\~y
                                        _i.$
I'm changing \accent to \mathaccent here; wish me luck.
(Accents are not the same in formulas as they are in text.)

! You can't use `\spacefactor' in math mode.
\add@accent ...}\accent #1 #2\egroup \spacefactor 
                                                  \accent@spacefactor 
l.178   \item $\^u_\ij$ = $y_\ij$ - $\~y
                                        _i.$
Sorry, but I'm not programmed to handle this case;
I'll just pretend that you didn't ask for it.
If you're in the wrong mode, you might be able to
return to the right one by typing `I}' or `I$' or `I\par'.

! You can't use `\spacefactor' in math mode.
<argument> ...cefactor \spacefactor }\spacefactor 
                                                  \accent@spacefactor 
l.178   \item $\^u_\ij$ = $y_\ij$ - $\~y
                                        _i.$
Sorry, but I'm not programmed to handle this case;
I'll just pretend that you didn't ask for it.
If you're in the wrong mode, you might be able to
return to the right one by typing `I}' or `I$' or `I\par'.

Missing character: There is no è in font cmex10!
Missing character: There is no è in font cmex10!

LaTeX Warning: Command \~ invalid in math mode on input line 183.

! Please use \mathaccent for accents in math mode.
\add@accent ...@spacefactor \spacefactor }\accent 
                                                  #1 #2\egroup \spacefactor ...
l.183   \item $\~y
                  _i.$ es el promedio de la caracter\'istica de inter\'es en...
I'm changing \accent to \mathaccent here; wish me luck.
(Accents are not the same in formulas as they are in text.)

! You can't use `\spacefactor' in math mode.
\add@accent ...}\accent #1 #2\egroup \spacefactor 
                                                  \accent@spacefactor 
l.183   \item $\~y
                  _i.$ es el promedio de la caracter\'istica de inter\'es en...
Sorry, but I'm not programmed to handle this case;
I'll just pretend that you didn't ask for it.
If you're in the wrong mode, you might be able to
return to the right one by typing `I}' or `I$' or `I\par'.

! You can't use `\spacefactor' in math mode.
<argument> ...cefactor \spacefactor }\spacefactor 
                                                  \accent@spacefactor 
l.183   \item $\~y
                  _i.$ es el promedio de la caracter\'istica de inter\'es en...
Sorry, but I'm not programmed to handle this case;
I'll just pretend that you didn't ask for it.
If you're in the wrong mode, you might be able to
return to the right one by typing `I}' or `I$' or `I\par'.

Missing character: There is no è in font cmex10!
Missing character: There is no è in font cmex10!

LaTeX Warning: Command \~ invalid in math mode on input line 184.

! Please use \mathaccent for accents in math mode.
\add@accent ...@spacefactor \spacefactor }\accent 
                                                  #1 #2\egroup \spacefactor ...
l.184  \item $\~y
                 _..$ es la media general de la caracter\'istica de inter\'es.
I'm changing \accent to \mathaccent here; wish me luck.
(Accents are not the same in formulas as they are in text.)

! You can't use `\spacefactor' in math mode.
\add@accent ...}\accent #1 #2\egroup \spacefactor 
                                                  \accent@spacefactor 
l.184  \item $\~y
                 _..$ es la media general de la caracter\'istica de inter\'es.
Sorry, but I'm not programmed to handle this case;
I'll just pretend that you didn't ask for it.
If you're in the wrong mode, you might be able to
return to the right one by typing `I}' or `I$' or `I\par'.

! You can't use `\spacefactor' in math mode.
<argument> ...cefactor \spacefactor }\spacefactor 
                                                  \accent@spacefactor 
l.184  \item $\~y
                 _..$ es la media general de la caracter\'istica de inter\'es.
Sorry, but I'm not programmed to handle this case;
I'll just pretend that you didn't ask for it.
If you're in the wrong mode, you might be able to
return to the right one by typing `I}' or `I$' or `I\par'.

! Missing { inserted.
<to be read again> 
                   \let 
l.184  \item $\~y_.
                   .$ es la media general de la caracter\'istica de inter\'es.
A left brace was mandatory here, so I've put one in.
You might want to delete and/or insert some corrections
so that I will find a matching right brace soon.
(If you're confused by all this, try typing `I}' now.)

! Missing } inserted.
<inserted text> 
                }
l.184  \item $\~y_..$
                      es la media general de la caracter\'istica de inter\'es.
I've inserted something that you may have forgotten.
(See the <inserted text> above.)
With luck, this will get me unwedged. But if you
really didn't forget anything, try typing `2' now; then
my insertion and my current dilemma will both disappear.

Missing character: There is no è in font cmex10!
Missing character: There is no è in font cmex10!

Underfull \hbox (badness 10000) in paragraph at lines 187--188

 []


Underfull \hbox (badness 10000) in paragraph at lines 189--190

 []

[2]
Underfull \hbox (badness 10000) in paragraph at lines 198--199

 []


Underfull \hbox (badness 10000) in paragraph at lines 221--222

 []

! Missing { inserted.
<to be read again> 
                   \ 
l.223 $F_o$$>$$F_\ 
                   alfa,(K-1),(N-K)$
A left brace was mandatory here, so I've put one in.
You might want to delete and/or insert some corrections
so that I will find a matching right brace soon.
(If you're confused by all this, try typing `I}' now.)

! Missing } inserted.
<inserted text> 
                }
l.223 $F_o$$>$$F_\ alfa,(K-1),(N-K)$
                                    
I've inserted something that you may have forgotten.
(See the <inserted text> above.)
With luck, this will get me unwedged. But if you
really didn't forget anything, try typing `2' now; then
my insertion and my current dilemma will both disappear.

Package color Info: Redefining color shadecolor on input line 230.
LaTeX Font Info:    Font shape `OT1/cmtt/bx/n' in size <12> not available
(Font)              Font shape `OT1/cmtt/m/n' tried instead on input line 232.
[3]

LaTeX Warning: Command \^ invalid in math mode on input line 267.

! Please use \mathaccent for accents in math mode.
\add@accent ...@spacefactor \spacefactor }\accent 
                                                  #1 #2\egroup \spacefactor ...
l.267   $\^y
            _\ij$ = $\^\Âµ$ + $\^t_i$ + $\^u_\ij$
I'm changing \accent to \mathaccent here; wish me luck.
(Accents are not the same in formulas as they are in text.)

! You can't use `\spacefactor' in math mode.
\add@accent ...}\accent #1 #2\egroup \spacefactor 
                                                  \accent@spacefactor 
l.267   $\^y
            _\ij$ = $\^\Âµ$ + $\^t_i$ + $\^u_\ij$
Sorry, but I'm not programmed to handle this case;
I'll just pretend that you didn't ask for it.
If you're in the wrong mode, you might be able to
return to the right one by typing `I}' or `I$' or `I\par'.

! Missing { inserted.
<to be read again> 
                   \begingroup 
l.267   $\^y_\ij
                $ = $\^\Âµ$ + $\^t_i$ + $\^u_\ij$
A left brace was mandatory here, so I've put one in.
You might want to delete and/or insert some corrections
so that I will find a matching right brace soon.
(If you're confused by all this, try typing `I}' now.)


LaTeX Warning: Command \ij invalid in math mode on input line 267.

! Missing } inserted.
<inserted text> 
                }
l.267   $\^y_\ij$
                  = $\^\Âµ$ + $\^t_i$ + $\^u_\ij$
I've inserted something that you may have forgotten.
(See the <inserted text> above.)
With luck, this will get me unwedged. But if you
really didn't forget anything, try typing `2' now; then
my insertion and my current dilemma will both disappear.

Missing character: There is no è in font cmex10!

LaTeX Warning: Command \^ invalid in math mode on input line 267.

! Undefined control sequence.
<argument> \Â
             
l.267   $\^y_\ij$ = $\^\Â
                         µ$ + $\^t_i$ + $\^u_\ij$
The control sequence at the end of the top line
of your error message was never \def'ed. If you have
misspelled it (e.g., `\hobx'), type `I' and the correct
spelling (e.g., `I\hbox'). Otherwise just continue,
and I'll forget about whatever was undefined.

! Please use \mathaccent for accents in math mode.
\add@accent ...@spacefactor \spacefactor }\accent 
                                                  #1 #2\egroup \spacefactor ...
l.267   $\^y_\ij$ = $\^\Â
                         µ$ + $\^t_i$ + $\^u_\ij$
I'm changing \accent to \mathaccent here; wish me luck.
(Accents are not the same in formulas as they are in text.)

! Undefined control sequence.
<argument> \Â
             
l.267   $\^y_\ij$ = $\^\Â
                         µ$ + $\^t_i$ + $\^u_\ij$
The control sequence at the end of the top line
of your error message was never \def'ed. If you have
misspelled it (e.g., `\hobx'), type `I' and the correct
spelling (e.g., `I\hbox'). Otherwise just continue,
and I'll forget about whatever was undefined.

! Missing { inserted.
<to be read again> 
                   \egroup 
l.267   $\^y_\ij$ = $\^\Â
                         µ$ + $\^t_i$ + $\^u_\ij$
A left brace was mandatory here, so I've put one in.
You might want to delete and/or insert some corrections
so that I will find a matching right brace soon.
(If you're confused by all this, try typing `I}' now.)

! You can't use `\spacefactor' in math mode.
\add@accent ...}\accent #1 #2\egroup \spacefactor 
                                                  \accent@spacefactor 
l.267   $\^y_\ij$ = $\^\Â
                         µ$ + $\^t_i$ + $\^u_\ij$
Sorry, but I'm not programmed to handle this case;
I'll just pretend that you didn't ask for it.
If you're in the wrong mode, you might be able to
return to the right one by typing `I}' or `I$' or `I\par'.

! Missing } inserted.
<inserted text> 
                }
l.267   $\^y_\ij$ = $\^\Âµ$
                            + $\^t_i$ + $\^u_\ij$
I've inserted something that you may have forgotten.
(See the <inserted text> above.)
With luck, this will get me unwedged. But if you
really didn't forget anything, try typing `2' now; then
my insertion and my current dilemma will both disappear.

Missing character: There is no è in font cmex10!

LaTeX Warning: Command \^ invalid in math mode on input line 267.

! Please use \mathaccent for accents in math mode.
\add@accent ...@spacefactor \spacefactor }\accent 
                                                  #1 #2\egroup \spacefactor ...
l.267   $\^y_\ij$ = $\^\Âµ$ + $\^t
                                  _i$ + $\^u_\ij$
I'm changing \accent to \mathaccent here; wish me luck.
(Accents are not the same in formulas as they are in text.)

! You can't use `\spacefactor' in math mode.
\add@accent ...}\accent #1 #2\egroup \spacefactor 
                                                  \accent@spacefactor 
l.267   $\^y_\ij$ = $\^\Âµ$ + $\^t
                                  _i$ + $\^u_\ij$
Sorry, but I'm not programmed to handle this case;
I'll just pretend that you didn't ask for it.
If you're in the wrong mode, you might be able to
return to the right one by typing `I}' or `I$' or `I\par'.

Missing character: There is no è in font cmex10!

LaTeX Warning: Command \^ invalid in math mode on input line 267.

! Please use \mathaccent for accents in math mode.
\add@accent ...@spacefactor \spacefactor }\accent 
                                                  #1 #2\egroup \spacefactor ...
l.267   $\^y_\ij$ = $\^\Âµ$ + $\^t_i$ + $\^u
                                            _\ij$
I'm changing \accent to \mathaccent here; wish me luck.
(Accents are not the same in formulas as they are in text.)

! You can't use `\spacefactor' in math mode.
\add@accent ...}\accent #1 #2\egroup \spacefactor 
                                                  \accent@spacefactor 
l.267   $\^y_\ij$ = $\^\Âµ$ + $\^t_i$ + $\^u
                                            _\ij$
Sorry, but I'm not programmed to handle this case;
I'll just pretend that you didn't ask for it.
If you're in the wrong mode, you might be able to
return to the right one by typing `I}' or `I$' or `I\par'.

! Missing { inserted.
<to be read again> 
                   \begingroup 
l.267   $\^y_\ij$ = $\^\Âµ$ + $\^t_i$ + $\^u_\ij
                                                $
A left brace was mandatory here, so I've put one in.
You might want to delete and/or insert some corrections
so that I will find a matching right brace soon.
(If you're confused by all this, try typing `I}' now.)


LaTeX Warning: Command \ij invalid in math mode on input line 267.

! Missing } inserted.
<inserted text> 
                }
l.267   $\^y_\ij$ = $\^\Âµ$ + $\^t_i$ + $\^u_\ij$
                                                 
I've inserted something that you may have forgotten.
(See the <inserted text> above.)
With luck, this will get me unwedged. But if you
really didn't forget anything, try typing `2' now; then
my insertion and my current dilemma will both disappear.

Missing character: There is no è in font cmex10!
! Undefined control sequence.
<recently read> \Â
                  
l.269   $H_o$: $\Â
                  µ_1$ = $\Âµ_2$ = $\Âµ_3$\\
The control sequence at the end of the top line
of your error message was never \def'ed. If you have
misspelled it (e.g., `\hobx'), type `I' and the correct
spelling (e.g., `I\hbox'). Otherwise just continue,
and I'll forget about whatever was undefined.

! Undefined control sequence.
<recently read> \Â
                  
l.269   $H_o$: $\Âµ_1$ = $\Â
                            µ_2$ = $\Âµ_3$\\
The control sequence at the end of the top line
of your error message was never \def'ed. If you have
misspelled it (e.g., `\hobx'), type `I' and the correct
spelling (e.g., `I\hbox'). Otherwise just continue,
and I'll forget about whatever was undefined.

! Undefined control sequence.
<recently read> \Â
                  
l.269   $H_o$: $\Âµ_1$ = $\Âµ_2$ = $\Â
                                      µ_3$\\
The control sequence at the end of the top line
of your error message was never \def'ed. If you have
misspelled it (e.g., `\hobx'), type `I' and the correct
spelling (e.g., `I\hbox'). Otherwise just continue,
and I'll forget about whatever was undefined.

! Undefined control sequence.
<recently read> \Â
                  
l.270   $H_1$: $\Â
                  µ_1$ distinto $\Âµ_2$ distinto $\Âµ_3$
The control sequence at the end of the top line
of your error message was never \def'ed. If you have
misspelled it (e.g., `\hobx'), type `I' and the correct
spelling (e.g., `I\hbox'). Otherwise just continue,
and I'll forget about whatever was undefined.

! Undefined control sequence.
<recently read> \Â
                  
l.270   $H_1$: $\Âµ_1$ distinto $\Â
                                   µ_2$ distinto $\Âµ_3$
The control sequence at the end of the top line
of your error message was never \def'ed. If you have
misspelled it (e.g., `\hobx'), type `I' and the correct
spelling (e.g., `I\hbox'). Otherwise just continue,
and I'll forget about whatever was undefined.

! Undefined control sequence.
<recently read> \Â
                  
l.270 ...1$: $\Âµ_1$ distinto $\Âµ_2$ distinto $\Â
                                                  µ_3$
The control sequence at the end of the top line
of your error message was never \def'ed. If you have
misspelled it (e.g., `\hobx'), type `I' and the correct
spelling (e.g., `I\hbox'). Otherwise just continue,
and I'll forget about whatever was undefined.

Package color Info: Redefining color shadecolor on input line 274.
LaTeX Font Info:    Try loading font information for OMS+cmtt on input line 288
.
(C:/PROGRA~1/R/R-32~1.2/share/texmf/tex/latex\omscmtt.fd
File: omscmtt.fd 
)
LaTeX Font Info:    Font shape `OMS/cmtt/m/it' in size <12> not available
(Font)              Font shape `OMS/cmsy/m/n' tried instead on input line 288.

Overfull \hbox (3.46968pt too wide) in paragraph at lines 289--289
[][]\OT1/cmtt/m/it/12 # n especifica que se crea una variable factor con tres n
iveles diferentes [][] 
 []


Overfull \hbox (3.16975pt too wide) in paragraph at lines 290--290
[][]\OT1/cmtt/m/it/12 # etiquetados por "P1", "P2" y "P3". La instrucci\OMS/cms
y/m/n/12 n\OT1/cmtt/m/it/12 on k=9 indica que a los [][] 
 []


Overfull \hbox (9.4697pt too wide) in paragraph at lines 291--291
[][]\OT1/cmtt/m/it/12 # primeros 9 elementos se les asignar\OMS/cmsy/m/n/12 n\O
T1/cmtt/m/it/12 a el valor de P1; a los siguientes 9 [][] 
 []


Overfull \hbox (15.76964pt too wide) in paragraph at lines 294--294
[][]\OT1/cmtt/m/it/12 #Crea la matriz de datos que contendr[]A!` la informaci\O
MS/cmsy/m/n/12 n\OT1/cmtt/m/it/12 on del experimento (es [][] 
 []


Overfull \hbox (21.76965pt too wide) in paragraph at lines 337--337
[][]\OT1/cmtt/m/it/12 # nombre del factor que distingue a qu\OMS/cmsy/m/n/12 n\
OT1/cmtt/m/it/12 e grupo pertenece cada observaci\OMS/cmsy/m/n/12 n\OT1/cmtt/m
/it/12 on. [][] 
 []


Overfull \hbox (3.46968pt too wide) in paragraph at lines 338--338
[][]\OT1/cmtt/m/it/12 # Finalmente en "data = datos" se especifica el nombre de
 la hoja de datos.[][] 
 []

[4] [5] <figure/unnamed-chunk-2-1.pdf, id=32, 505.89pt x 505.89pt>
File: figure/unnamed-chunk-2-1.pdf Graphic file (type pdf)

<use figure/unnamed-chunk-2-1.pdf>
Package pdftex.def Info: figure/unnamed-chunk-2-1.pdf used on input line 355.
(pdftex.def)             Requested size: 471.1093pt x 471.12125pt.

<figure/unnamed-chunk-2-2.pdf, id=33, 505.89pt x 505.89pt>
File: figure/unnamed-chunk-2-2.pdf Graphic file (type pdf)

<use figure/unnamed-chunk-2-2.pdf>
Package pdftex.def Info: figure/unnamed-chunk-2-2.pdf used on input line 357.
(pdftex.def)             Requested size: 471.1093pt x 471.12125pt.

<figure/unnamed-chunk-2-3.pdf, id=34, 505.89pt x 505.89pt> [6 <C:/Users/marth_0
00/Documents/Yoana/PRACTICAS DE R/figure/unnamed-chunk-2-1.pdf>]
File: figure/unnamed-chunk-2-3.pdf Graphic file (type pdf)

<use figure/unnamed-chunk-2-3.pdf>
Package pdftex.def Info: figure/unnamed-chunk-2-3.pdf used on input line 359.
(pdftex.def)             Requested size: 471.1093pt x 471.12125pt.

<figure/unnamed-chunk-2-4.pdf, id=44, 505.89pt x 505.89pt> [7 <C:/Users/marth_0
00/Documents/Yoana/PRACTICAS DE R/figure/unnamed-chunk-2-2.pdf>]
File: figure/unnamed-chunk-2-4.pdf Graphic file (type pdf)

<use figure/unnamed-chunk-2-4.pdf>
Package pdftex.def Info: figure/unnamed-chunk-2-4.pdf used on input line 361.
(pdftex.def)             Requested size: 471.1093pt x 471.12125pt.
 [8 <C:/Users/marth_000/Documents/Yoana/PRACTICAS DE R/figure/unnamed-chunk-2-3
.pdf>]
Underfull \hbox (badness 10000) in paragraph at lines 367--368

 []


Underfull \hbox (badness 10000) in paragraph at lines 369--370

 []


Underfull \hbox (badness 10000) in paragraph at lines 371--372

 []

[9 <C:/Users/marth_000/Documents/Yoana/PRACTICAS DE R/figure/unnamed-chunk-2-4.
pdf>]
Underfull \hbox (badness 10000) in paragraph at lines 373--374

 []


Underfull \hbox (badness 10000) in paragraph at lines 375--376

 []

[10] ("C:\Users\marth_000\Documents\Yoana\PRACTICAS DE R\PRACTICA-24.aux") ) 
Here is how much of TeX's memory you used:
 4886 strings out of 493921
 69661 string characters out of 3144865
 152474 words of memory out of 3000000
 8094 multiletter control sequences out of 15000+200000
 9588 words of font info for 37 fonts, out of 3000000 for 9000
 841 hyphenation exceptions out of 8191
 36i,12n,43p,1059b,393s stack positions out of 5000i,500n,10000p,200000b,50000s
<C:
/Program Files (x86)/MiKTeX 2.9/fonts/type1/public/amsfonts/cm/cmbx12.pfb><C:/P
rogram Files (x86)/MiKTeX 2.9/fonts/type1/public/amsfonts/cm/cmitt10.pfb><C:/Pr
ogram Files (x86)/MiKTeX 2.9/fonts/type1/public/amsfonts/cm/cmmi12.pfb><C:/Prog
ram Files (x86)/MiKTeX 2.9/fonts/type1/public/amsfonts/cm/cmmi6.pfb><C:/Program
 Files (x86)/MiKTeX 2.9/fonts/type1/public/amsfonts/cm/cmmi8.pfb><C:/Program Fi
les (x86)/MiKTeX 2.9/fonts/type1/public/amsfonts/cm/cmr12.pfb><C:/Program Files
 (x86)/MiKTeX 2.9/fonts/type1/public/amsfonts/cm/cmr8.pfb><C:/Program Files (x8
6)/MiKTeX 2.9/fonts/type1/public/amsfonts/cm/cmsy10.pfb><C:/Program Files (x86)
/MiKTeX 2.9/fonts/type1/public/amsfonts/cm/cmsy6.pfb><C:/Program Files (x86)/Mi
KTeX 2.9/fonts/type1/public/amsfonts/cm/cmsy8.pfb><C:/Program Files (x86)/MiKTe
X 2.9/fonts/type1/public/amsfonts/cm/cmtt12.pfb>
Output written on PRACTICA-24.pdf (11 pages, 402799 bytes).
PDF statistics:
 107 PDF objects out of 1000 (max. 8388607)
 0 named destinations out of 1000 (max. 500000)
 26 words of extra memory for PDF output out of 10000 (max. 10000000)

